Original Input
Enable Rotation
Original Input
Enable Rotation
Original Input
Enable Rotation
starting warmup
Original Input
Enable Rotation
libibverbs: Warning: no userspace device-specific driver found for /sys/class/infiniband_verbs/uverbs1
libibverbs: Warning: no userspace device-specific driver found for /sys/class/infiniband_verbs/uverbs3
libibverbs: Warning: no userspace device-specific driver found for /sys/class/infiniband_verbs/uverbs5
libibverbs: Warning: no userspace device-specific driver found for /sys/class/infiniband_verbs/uverbs7
libibverbs: Warning: no userspace device-specific driver found for /sys/class/infiniband_verbs/uverbs0
libibverbs: Warning: no userspace device-specific driver found for /sys/class/infiniband_verbs/uverbs2
libibverbs: Warning: no userspace device-specific driver found for /sys/class/infiniband_verbs/uverbs4
libibverbs: Warning: no userspace device-specific driver found for /sys/class/infiniband_verbs/uverbs6
libibverbs: Warning: no userspace device-specific driver found for /sys/class/infiniband_verbs/uverbs8
libibverbs: Warning: no userspace device-specific driver found for /sys/class/infiniband_verbs/uverbs1
libibverbs: Warning: no userspace device-specific driver found for /sys/class/infiniband_verbs/uverbs3
libibverbs: Warning: no userspace device-specific driver found for /sys/class/infiniband_verbs/uverbs5
libibverbs: Warning: no userspace device-specific driver found for /sys/class/infiniband_verbs/uverbs7
libibverbs: Warning: no userspace device-specific driver found for /sys/class/infiniband_verbs/uverbs0
libibverbs: Warning: no userspace device-specific driver found for /sys/class/infiniband_verbs/uverbs2
libibverbs: Warning: no userspace device-specific driver found for /sys/class/infiniband_verbs/uverbs4
libibverbs: Warning: no userspace device-specific driver found for /sys/class/infiniband_verbs/uverbs6
libibverbs: Warning: no userspace device-specific driver found for /sys/class/infiniband_verbs/uverbs8
libibverbs: Warning: no userspace device-specific driver found for /sys/class/infiniband_verbs/uverbs1
libibverbs: Warning: no userspace device-specific driver found for /sys/class/infiniband_verbs/uverbs3
libibverbs: Warning: no userspace device-specific driver found for /sys/class/infiniband_verbs/uverbs5
libibverbs: Warning: no userspace device-specific driver found for /sys/class/infiniband_verbs/uverbs7
libibverbs: Warning: no userspace device-specific driver found for /sys/class/infiniband_verbs/uverbs0
libibverbs: Warning: no userspace device-specific driver found for /sys/class/infiniband_verbs/uverbs2
libibverbs: Warning: no userspace device-specific driver found for /sys/class/infiniband_verbs/uverbs4
libibverbs: Warning: no userspace device-specific driver found for /sys/class/infiniband_verbs/uverbs6
libibverbs: Warning: no userspace device-specific driver found for /sys/class/infiniband_verbs/uverbs8
libibverbs: Warning: no userspace device-specific driver found for /sys/class/infiniband_verbs/uverbs1
libibverbs: Warning: no userspace device-specific driver found for /sys/class/infiniband_verbs/uverbs3
libibverbs: Warning: no userspace device-specific driver found for /sys/class/infiniband_verbs/uverbs5
libibverbs: Warning: no userspace device-specific driver found for /sys/class/infiniband_verbs/uverbs7
libibverbs: Warning: no userspace device-specific driver found for /sys/class/infiniband_verbs/uverbs0
libibverbs: Warning: no userspace device-specific driver found for /sys/class/infiniband_verbs/uverbs2
libibverbs: Warning: no userspace device-specific driver found for /sys/class/infiniband_verbs/uverbs4
libibverbs: Warning: no userspace device-specific driver found for /sys/class/infiniband_verbs/uverbs6
libibverbs: Warning: no userspace device-specific driver found for /sys/class/infiniband_verbs/uverbs8
starting timing
Run 0: iterations took 15.48192811012268s for 20 iterations (1.2918287604580228 iter/s)
Run 1: iterations took 15.55996823310852s for 20 iterations (1.2853496678382654 iter/s)
Run 2: iterations took 15.370697975158691s for 20 iterations (1.3011770859282346 iter/s)
Run 3: iterations took 14.39253854751587s for 20 iterations (1.3896089236774682 iter/s)
Run 4: iterations took 15.466668605804443s for 20 iterations (1.2931032861526661 iter/s)
finished timing
