Distributed computation initialized
Distributed computation initialized
Distributed computation initialized
Distributed computation initializedDistributed computation initialized

2020-07-22 21:08:46,892 - root - INFO - rank 2, begin data loader init
2020-07-22 21:08:46,892 - root - INFO - rank 1, begin data loader init
2020-07-22 21:08:46,892 - root - INFO - rank 4, begin data loader init
2020-07-22 21:08:46,892 - root - INFO - rank 3, begin data loader init
2020-07-22 21:08:46,892 - root - INFO - rank 5, begin data loader init
Distributed computation initialized
2020-07-22 21:08:46,894 - root - INFO - rank 6, begin data loader init
Distributed computation initialized
2020-07-22 21:08:46,896 - root - INFO - rank 7, begin data loader init
Distributed computation initialized
2020-07-22 21:08:46,898 - root - INFO - ------------------ Configuration ------------------
2020-07-22 21:08:46,898 - root - INFO - Configuration file: /global/cfs/cdirs/dasrepo/tkurth/DataScience/cosmo-3D/src/DDP_UNet_original/config/UNet.yaml
2020-07-22 21:08:46,898 - root - INFO - Configuration name: multi8
2020-07-22 21:08:46,902 - root - INFO - ngpu 8
2020-07-22 21:08:46,903 - root - INFO - weight_init ordereddict([('conv_init', 'normal'), ('conv_scale', 0.02), ('conv_bias', 0.0)])
2020-07-22 21:08:46,903 - root - INFO - lr 0.0001
2020-07-22 21:08:46,903 - root - INFO - data_path /data/DDP_trdat.h5
2020-07-22 21:08:46,903 - root - INFO - num_epochs 4
2020-07-22 21:08:46,903 - root - INFO - num_data_workers 2
2020-07-22 21:08:46,903 - root - INFO - LAMBDA_2 0.01
2020-07-22 21:08:46,903 - root - INFO - data_size 256
2020-07-22 21:08:46,903 - root - INFO - N_out_channels 5
2020-07-22 21:08:46,903 - root - INFO - batch_size 1
2020-07-22 21:08:46,903 - root - INFO - ---------------------------------------------------
2020-07-22 21:08:46,903 - root - INFO - rank 0, begin data loader init
2020-07-22 21:14:38,153 - root - INFO - rank 4, data loader initialized
2020-07-22 21:14:38,149 - root - INFO - rank 3, data loader initialized
2020-07-22 21:14:38,154 - root - INFO - rank 0, data loader initialized
2020-07-22 21:14:38,459 - root - INFO - rank 2, data loader initialized
2020-07-22 21:14:38,949 - root - INFO - rank 7, data loader initialized
2020-07-22 21:14:38,954 - root - INFO - rank 5, data loader initialized
2020-07-22 21:14:39,046 - root - INFO - rank 6, data loader initialized
2020-07-22 21:14:39,288 - root - INFO - rank 1, data loader initialized
2020-07-22 21:14:46,330 - root - INFO - DistributedDataParallel(
  (module): UNet(
    (conv_down1): Sequential(
      (0): Conv3d(4, 64, kernel_size=(4, 4, 4), stride=(2, 2, 2), padding=(1, 1, 1))
      (1): LeakyReLU(negative_slope=0.01, inplace=True)
    )
    (conv_down2): Sequential(
      (0): Conv3d(64, 128, kernel_size=(4, 4, 4), stride=(2, 2, 2), padding=(1, 1, 1))
      (1): LeakyReLU(negative_slope=0.01, inplace=True)
    )
    (conv_down3): Sequential(
      (0): Conv3d(128, 256, kernel_size=(4, 4, 4), stride=(2, 2, 2), padding=(1, 1, 1))
      (1): LeakyReLU(negative_slope=0.01, inplace=True)
    )
    (conv_down4): Sequential(
      (0): Conv3d(256, 512, kernel_size=(4, 4, 4), stride=(2, 2, 2), padding=(1, 1, 1))
      (1): LeakyReLU(negative_slope=0.01, inplace=True)
    )
    (conv_down5): Sequential(
      (0): Conv3d(512, 512, kernel_size=(4, 4, 4), stride=(2, 2, 2), padding=(1, 1, 1))
      (1): LeakyReLU(negative_slope=0.01, inplace=True)
    )
    (conv_down6): Sequential(
      (0): Conv3d(512, 512, kernel_size=(4, 4, 4), stride=(2, 2, 2), padding=(1, 1, 1))
      (1): LeakyReLU(negative_slope=0.01, inplace=True)
    )
    (conv_up6): Sequential(
      (0): ConvTranspose3d(512, 512, kernel_size=(4, 4, 4), stride=(2, 2, 2), padding=(1, 1, 1))
      (1): ReLU(inplace=True)
    )
    (conv_up5): Sequential(
      (0): ConvTranspose3d(1024, 512, kernel_size=(4, 4, 4), stride=(2, 2, 2), padding=(1, 1, 1))
      (1): ReLU(inplace=True)
    )
    (conv_up4): Sequential(
      (0): ConvTranspose3d(1024, 256, kernel_size=(4, 4, 4), stride=(2, 2, 2), padding=(1, 1, 1))
      (1): ReLU(inplace=True)
    )
    (conv_up3): Sequential(
      (0): ConvTranspose3d(512, 128, kernel_size=(4, 4, 4), stride=(2, 2, 2), padding=(1, 1, 1))
      (1): ReLU(inplace=True)
    )
    (conv_up2): Sequential(
      (0): ConvTranspose3d(256, 64, kernel_size=(4, 4, 4), stride=(2, 2, 2), padding=(1, 1, 1))
      (1): ReLU(inplace=True)
    )
    (conv_last): ConvTranspose3d(128, 5, kernel_size=(4, 4, 4), stride=(2, 2, 2), padding=(1, 1, 1))
  )
)
2020-07-22 21:14:46,575 - root - INFO - Starting Training Loop...
2020-07-22 21:20:59,221 - root - INFO - Time taken for epoch 1 is 372.6450572013855 sec
2020-07-22 21:20:59,221 - root - INFO - train step time=108.12802505493164 (20 steps), logging time=103.46920943260193
2020-07-22 21:20:59,221 - root - INFO - train samples/sec = 0.18496592340273965
/global/cfs/cdirs/dasrepo/tkurth/DataScience/cosmo-3D/src/DDP_UNet_original/utils/plotting.py:49: RuntimeWarning: divide by zero encountered in true_divide
  (prediction - tar), prediction, (prediction - tar)/tar]
2020-07-22 21:23:14,423 - root - INFO - Time taken for epoch 2 is 135.20187640190125 sec
2020-07-22 21:23:14,423 - root - INFO - train step time=26.076237440109253 (20 steps), logging time=83.45675444602966
2020-07-22 21:23:14,423 - root - INFO - train samples/sec = 0.7669818180607963
2020-07-22 21:25:13,161 - root - INFO - Time taken for epoch 3 is 118.73741841316223 sec
2020-07-22 21:25:13,161 - root - INFO - train step time=31.456185340881348 (20 steps), logging time=77.4435088634491
2020-07-22 21:25:13,161 - root - INFO - train samples/sec = 0.6358050025222681
2020-07-22 21:25:53,172 - root - INFO - DONE ---- rank 3
2020-07-22 21:25:53,428 - root - INFO - DONE ---- rank 1
2020-07-22 21:25:53,477 - root - INFO - DONE ---- rank 4
2020-07-22 21:25:53,533 - root - INFO - DONE ---- rank 5
2020-07-22 21:25:53,886 - root - INFO - DONE ---- rank 2
2020-07-22 21:25:54,150 - root - INFO - DONE ---- rank 7
2020-07-22 21:25:54,338 - root - INFO - DONE ---- rank 6
2020-07-22 21:27:02,568 - root - INFO - Time taken for epoch 4 is 109.40687680244446 sec
2020-07-22 21:27:02,568 - root - INFO - train step time=22.676973581314087 (20 steps), logging time=73.06964230537415
2020-07-22 21:27:02,568 - root - INFO - train samples/sec = 0.8819519028094682
2020-07-22 21:27:06,264 - root - INFO - DONE ---- rank 0
*****************************************
Setting OMP_NUM_THREADS environment variable for each process to be 1 in default, to avoid your system being overloaded, please further tune the variable for optimal performance in your application as needed. 
*****************************************
Wed Jul 22 14:27:09 PDT 2020
