2020-07-22 18:49:23,255 - root - INFO - rank 1, begin data loader init
2020-07-22 18:49:23,255 - root - INFO - rank 4, begin data loader init
2020-07-22 18:49:23,255 - root - INFO - rank 6, begin data loader init
2020-07-22 18:49:24,263 - root - INFO - rank 5, begin data loader init
2020-07-22 18:49:24,263 - root - INFO - rank 3, begin data loader init
2020-07-22 18:49:24,263 - root - INFO - rank 7, begin data loader init
2020-07-22 18:49:24,264 - root - INFO - rank 2, begin data loader init
2020-07-22 18:49:24,267 - root - INFO - ------------------ Configuration ------------------
2020-07-22 18:49:24,268 - root - INFO - Configuration file: /global/cfs/cdirs/dasrepo/tkurth/DataScience/cosmo-3D/src/DDP_UNet_original/config/UNet.yaml
2020-07-22 18:49:24,268 - root - INFO - Configuration name: multi8
2020-07-22 18:49:24,272 - root - INFO - ngpu 8
2020-07-22 18:49:24,272 - root - INFO - weight_init ordereddict([('conv_init', 'normal'), ('conv_scale', 0.02), ('conv_bias', 0.0)])
2020-07-22 18:49:24,272 - root - INFO - lr 0.0001
2020-07-22 18:49:24,272 - root - INFO - data_path /data/DDP_trdat.h5
2020-07-22 18:49:24,272 - root - INFO - num_epochs 2
2020-07-22 18:49:24,272 - root - INFO - num_data_workers 2
2020-07-22 18:49:24,272 - root - INFO - LAMBDA_2 0.01
2020-07-22 18:49:24,272 - root - INFO - data_size 256
2020-07-22 18:49:24,272 - root - INFO - N_out_channels 5
2020-07-22 18:49:24,272 - root - INFO - batch_size 1
2020-07-22 18:49:24,272 - root - INFO - ---------------------------------------------------
2020-07-22 18:49:24,273 - root - INFO - rank 0, begin data loader init
2020-07-22 18:55:21,005 - root - INFO - rank 0, data loader initialized
2020-07-22 18:55:21,040 - root - INFO - rank 5, data loader initialized
2020-07-22 18:55:21,313 - root - INFO - rank 7, data loader initialized
2020-07-22 18:55:21,345 - root - INFO - rank 3, data loader initialized
2020-07-22 18:55:21,349 - root - INFO - rank 1, data loader initialized
2020-07-22 18:55:22,080 - root - INFO - rank 4, data loader initialized
2020-07-22 18:55:22,201 - root - INFO - rank 6, data loader initialized
2020-07-22 18:55:23,158 - root - INFO - rank 2, data loader initialized
2020-07-22 18:55:29,004 - root - INFO - DistributedDataParallel(
  (module): UNet(
    (conv_down1): Sequential(
      (0): Conv3d(4, 64, kernel_size=(4, 4, 4), stride=(2, 2, 2), padding=(1, 1, 1))
      (1): LeakyReLU(negative_slope=0.01, inplace=True)
    )
    (conv_down2): Sequential(
      (0): Conv3d(64, 128, kernel_size=(4, 4, 4), stride=(2, 2, 2), padding=(1, 1, 1))
      (1): LeakyReLU(negative_slope=0.01, inplace=True)
    )
    (conv_down3): Sequential(
      (0): Conv3d(128, 256, kernel_size=(4, 4, 4), stride=(2, 2, 2), padding=(1, 1, 1))
      (1): LeakyReLU(negative_slope=0.01, inplace=True)
    )
    (conv_down4): Sequential(
      (0): Conv3d(256, 512, kernel_size=(4, 4, 4), stride=(2, 2, 2), padding=(1, 1, 1))
      (1): LeakyReLU(negative_slope=0.01, inplace=True)
    )
    (conv_down5): Sequential(
      (0): Conv3d(512, 512, kernel_size=(4, 4, 4), stride=(2, 2, 2), padding=(1, 1, 1))
      (1): LeakyReLU(negative_slope=0.01, inplace=True)
    )
    (conv_down6): Sequential(
      (0): Conv3d(512, 512, kernel_size=(4, 4, 4), stride=(2, 2, 2), padding=(1, 1, 1))
      (1): LeakyReLU(negative_slope=0.01, inplace=True)
    )
    (conv_up6): Sequential(
      (0): ConvTranspose3d(512, 512, kernel_size=(4, 4, 4), stride=(2, 2, 2), padding=(1, 1, 1))
      (1): ReLU(inplace=True)
    )
    (conv_up5): Sequential(
      (0): ConvTranspose3d(1024, 512, kernel_size=(4, 4, 4), stride=(2, 2, 2), padding=(1, 1, 1))
      (1): ReLU(inplace=True)
    )
    (conv_up4): Sequential(
      (0): ConvTranspose3d(1024, 256, kernel_size=(4, 4, 4), stride=(2, 2, 2), padding=(1, 1, 1))
      (1): ReLU(inplace=True)
    )
    (conv_up3): Sequential(
      (0): ConvTranspose3d(512, 128, kernel_size=(4, 4, 4), stride=(2, 2, 2), padding=(1, 1, 1))
      (1): ReLU(inplace=True)
    )
    (conv_up2): Sequential(
      (0): ConvTranspose3d(256, 64, kernel_size=(4, 4, 4), stride=(2, 2, 2), padding=(1, 1, 1))
      (1): ReLU(inplace=True)
    )
    (conv_last): ConvTranspose3d(128, 5, kernel_size=(4, 4, 4), stride=(2, 2, 2), padding=(1, 1, 1))
  )
)
2020-07-22 18:55:29,035 - root - INFO - Starting Training Loop...
slurmstepd: error: *** STEP 838757.0 ON cgpu13 CANCELLED AT 2020-07-22T11:59:03 DUE TO TIME LIMIT ***
srun: Job step aborted: Waiting up to 32 seconds for job step to finish.
slurmstepd: error: *** JOB 838757 ON cgpu13 CANCELLED AT 2020-07-22T11:59:03 DUE TO TIME LIMIT ***
