Traceback (most recent call last):
Traceback (most recent call last):
Traceback (most recent call last):
Traceback (most recent call last):
Traceback (most recent call last):
  File "train.py", line 11, in <module>
Traceback (most recent call last):
  File "train.py", line 11, in <module>
  File "train.py", line 11, in <module>
  File "train.py", line 11, in <module>
  File "train.py", line 11, in <module>
  File "train.py", line 11, in <module>
Traceback (most recent call last):
  File "train.py", line 11, in <module>
Traceback (most recent call last):
  File "train.py", line 11, in <module>
    from torch.utils.tensorboard import SummaryWriter
      File "/opt/python/cp37-cp37m/lib/python3.7/site-packages/torch/utils/tensorboard/__init__.py", line 1, in <module>
from torch.utils.tensorboard import SummaryWriter
        from torch.utils.tensorboard import SummaryWriterfrom torch.utils.tensorboard import SummaryWriter  File "/opt/python/cp37-cp37m/lib/python3.7/site-packages/torch/utils/tensorboard/__init__.py", line 1, in <module>


  File "/opt/python/cp37-cp37m/lib/python3.7/site-packages/torch/utils/tensorboard/__init__.py", line 1, in <module>
  File "/opt/python/cp37-cp37m/lib/python3.7/site-packages/torch/utils/tensorboard/__init__.py", line 1, in <module>
    from torch.utils.tensorboard import SummaryWriter
  File "/opt/python/cp37-cp37m/lib/python3.7/site-packages/torch/utils/tensorboard/__init__.py", line 1, in <module>
    from torch.utils.tensorboard import SummaryWriter
  File "/opt/python/cp37-cp37m/lib/python3.7/site-packages/torch/utils/tensorboard/__init__.py", line 1, in <module>
    import tensorboard
        from torch.utils.tensorboard import SummaryWriter    import tensorboard    
import tensorboard    import tensorboardModuleNotFoundError


from torch.utils.tensorboard import SummaryWriter  File "/opt/python/cp37-cp37m/lib/python3.7/site-packages/torch/utils/tensorboard/__init__.py", line 1, in <module>
: 
No module named 'tensorboard'
ModuleNotFoundErrorModuleNotFoundError  File "/opt/python/cp37-cp37m/lib/python3.7/site-packages/torch/utils/tensorboard/__init__.py", line 1, in <module>
ModuleNotFoundError: : : No module named 'tensorboard'No module named 'tensorboard'No module named 'tensorboard'


    import tensorboard
    import tensorboard
ModuleNotFoundError: ModuleNotFoundErrorNo module named 'tensorboard'
: No module named 'tensorboard'
    import tensorboard
ModuleNotFoundError    : import tensorboardNo module named 'tensorboard'

ModuleNotFoundError: No module named 'tensorboard'
*****************************************
Setting OMP_NUM_THREADS environment variable for each process to be 1 in default, to avoid your system being overloaded, please further tune the variable for optimal performance in your application as needed. 
*****************************************
Traceback (most recent call last):
  File "/opt/python/cp37-cp37m/lib/python3.7/runpy.py", line 193, in _run_module_as_main
    "__main__", mod_spec)
  File "/opt/python/cp37-cp37m/lib/python3.7/runpy.py", line 85, in _run_code
    exec(code, run_globals)
  File "/opt/python/cp37-cp37m/lib/python3.7/site-packages/torch/distributed/launch.py", line 263, in <module>
    main()
  File "/opt/python/cp37-cp37m/lib/python3.7/site-packages/torch/distributed/launch.py", line 259, in main
    cmd=cmd)
subprocess.CalledProcessError: Command '['/opt/python/cp37-cp37m/bin/python', '-u', 'train.py', '--local_rank=7', '--run_num=14', '--config=multi8']' returned non-zero exit status 1.
srun: error: cgpu13: task 0: Exited with exit code 1
srun: Terminating job step 838746.0
Wed Jul 22 11:41:11 PDT 2020
