Traceback (most recent call last):
Traceback (most recent call last):
Traceback (most recent call last):
  File "train.py", line 8, in <module>
  File "train.py", line 8, in <module>
  File "train.py", line 8, in <module>
Traceback (most recent call last):
Traceback (most recent call last):
Traceback (most recent call last):
Traceback (most recent call last):
  File "train.py", line 8, in <module>
  File "train.py", line 8, in <module>
  File "train.py", line 8, in <module>
  File "train.py", line 8, in <module>
Traceback (most recent call last):
  File "train.py", line 8, in <module>
        import torchvisionimport torchvision

    import torchvision
ModuleNotFoundErrorModuleNotFoundError: : ModuleNotFoundErrorNo module named 'torchvision'No module named 'torchvision': 

No module named 'torchvision'
    import torchvision
    import torchvisionModuleNotFoundError
: No module named 'torchvision'
ModuleNotFoundError: No module named 'torchvision'
    import torchvision
ModuleNotFoundError: No module named 'torchvision'
    import torchvision
    import torchvision
ModuleNotFoundError: No module named 'torchvision'
ModuleNotFoundError: No module named 'torchvision'
Traceback (most recent call last):
  File "/opt/python/cp37-cp37m/lib/python3.7/runpy.py", line 193, in _run_module_as_main
    "__main__", mod_spec)
  File "/opt/python/cp37-cp37m/lib/python3.7/runpy.py", line 85, in _run_code
    exec(code, run_globals)
  File "/opt/python/cp37-cp37m/lib/python3.7/site-packages/torch/distributed/launch.py", line 263, in <module>
    main()
  File "/opt/python/cp37-cp37m/lib/python3.7/site-packages/torch/distributed/launch.py", line 259, in main
    cmd=cmd)
subprocess.CalledProcessError: Command '['/opt/python/cp37-cp37m/bin/python', '-u', 'train.py', '--local_rank=7', '--run_num=14', '--config=multi8']' returned non-zero exit status 1.
*****************************************
Setting OMP_NUM_THREADS environment variable for each process to be 1 in default, to avoid your system being overloaded, please further tune the variable for optimal performance in your application as needed. 
*****************************************
srun: error: cgpu13: task 0: Exited with exit code 1
srun: Terminating job step 838719.0
Wed Jul 22 11:26:15 PDT 2020
