2020-07-22 18:43:01,830 - root - INFO - rank 2, begin data loader init
2020-07-22 18:43:01,831 - root - INFO - rank 1, begin data loader init
2020-07-22 18:43:01,831 - root - INFO - rank 6, begin data loader init
2020-07-22 18:43:01,832 - root - INFO - rank 3, begin data loader init
2020-07-22 18:43:01,832 - root - INFO - rank 5, begin data loader init
2020-07-22 18:43:01,832 - root - INFO - rank 7, begin data loader init
2020-07-22 18:43:02,837 - root - INFO - rank 4, begin data loader init
Traceback (most recent call last):
  File "train.py", line 176, in <module>
    os.mkdir(expDir)
FileNotFoundError: [Errno 2] No such file or directory: './expts/multi8/14/'
*****************************************
Setting OMP_NUM_THREADS environment variable for each process to be 1 in default, to avoid your system being overloaded, please further tune the variable for optimal performance in your application as needed. 
*****************************************
Traceback (most recent call last):
  File "/opt/python/cp37-cp37m/lib/python3.7/runpy.py", line 193, in _run_module_as_main
    "__main__", mod_spec)
  File "/opt/python/cp37-cp37m/lib/python3.7/runpy.py", line 85, in _run_code
    exec(code, run_globals)
  File "/opt/python/cp37-cp37m/lib/python3.7/site-packages/torch/distributed/launch.py", line 263, in <module>
    main()
  File "/opt/python/cp37-cp37m/lib/python3.7/site-packages/torch/distributed/launch.py", line 259, in main
    cmd=cmd)
subprocess.CalledProcessError: Command '['/opt/python/cp37-cp37m/bin/python', '-u', 'train.py', '--local_rank=7', '--run_num=14', '--config=multi8']' returned non-zero exit status 1.
srun: error: cgpu13: task 0: Exited with exit code 1
srun: Terminating job step 838749.0
Wed Jul 22 11:43:04 PDT 2020
