Distributed computation initialized
Distributed computation initialized
Distributed computation initialized
Distributed computation initialized
Distributed computation initialized
2020-07-22 19:19:32,701 - root - INFO - rank 5, begin data loader init
2020-07-22 19:19:32,701 - root - INFO - rank 3, begin data loader init
2020-07-22 19:19:32,701 - root - INFO - rank 2, begin data loader init
2020-07-22 19:19:32,701 - root - INFO - rank 1, begin data loader init
2020-07-22 19:19:32,701 - root - INFO - rank 6, begin data loader init
Distributed computation initialized
2020-07-22 19:19:33,667 - root - INFO - rank 7, begin data loader init
Distributed computation initialized
2020-07-22 19:19:33,672 - root - INFO - rank 4, begin data loader init
Distributed computation initialized
2020-07-22 19:19:33,995 - root - INFO - ------------------ Configuration ------------------
2020-07-22 19:19:34,158 - root - INFO - Configuration file: /global/cfs/cdirs/dasrepo/tkurth/DataScience/cosmo-3D/src/DDP_UNet_original/config/UNet.yaml
2020-07-22 19:19:34,158 - root - INFO - Configuration name: multi8
2020-07-22 19:19:34,165 - root - INFO - ngpu 8
2020-07-22 19:19:34,165 - root - INFO - weight_init ordereddict([('conv_init', 'normal'), ('conv_scale', 0.02), ('conv_bias', 0.0)])
2020-07-22 19:19:34,165 - root - INFO - lr 0.0001
2020-07-22 19:19:34,165 - root - INFO - data_path /data/DDP_trdat.h5
2020-07-22 19:19:34,165 - root - INFO - num_epochs 4
2020-07-22 19:19:34,165 - root - INFO - num_data_workers 2
2020-07-22 19:19:34,165 - root - INFO - LAMBDA_2 0.01
2020-07-22 19:19:34,165 - root - INFO - data_size 256
2020-07-22 19:19:34,165 - root - INFO - N_out_channels 5
2020-07-22 19:19:34,165 - root - INFO - batch_size 1
2020-07-22 19:19:34,166 - root - INFO - ---------------------------------------------------
2020-07-22 19:19:34,166 - root - INFO - rank 0, begin data loader init
2020-07-22 19:25:21,053 - root - INFO - rank 5, data loader initialized
2020-07-22 19:25:21,564 - root - INFO - rank 6, data loader initialized
2020-07-22 19:25:21,973 - root - INFO - rank 3, data loader initialized
2020-07-22 19:25:21,974 - root - INFO - rank 2, data loader initialized
2020-07-22 19:25:22,231 - root - INFO - rank 7, data loader initialized
2020-07-22 19:25:22,233 - root - INFO - rank 0, data loader initialized
2020-07-22 19:25:22,691 - root - INFO - rank 4, data loader initialized
2020-07-22 19:25:24,794 - root - INFO - rank 1, data loader initialized
2020-07-22 19:25:28,926 - root - INFO - Loading checkpoint /global/cfs/cdirs/dasrepo/tkurth/DataScience/cosmo-3D/src/DDP_UNet_original/expts/multi8/14/training_checkpoints/ckpt.tar
2020-07-22 19:25:30,286 - root - INFO - DistributedDataParallel(
  (module): UNet(
    (conv_down1): Sequential(
      (0): Conv3d(4, 64, kernel_size=(4, 4, 4), stride=(2, 2, 2), padding=(1, 1, 1))
      (1): LeakyReLU(negative_slope=0.01, inplace=True)
    )
    (conv_down2): Sequential(
      (0): Conv3d(64, 128, kernel_size=(4, 4, 4), stride=(2, 2, 2), padding=(1, 1, 1))
      (1): LeakyReLU(negative_slope=0.01, inplace=True)
    )
    (conv_down3): Sequential(
      (0): Conv3d(128, 256, kernel_size=(4, 4, 4), stride=(2, 2, 2), padding=(1, 1, 1))
      (1): LeakyReLU(negative_slope=0.01, inplace=True)
    )
    (conv_down4): Sequential(
      (0): Conv3d(256, 512, kernel_size=(4, 4, 4), stride=(2, 2, 2), padding=(1, 1, 1))
      (1): LeakyReLU(negative_slope=0.01, inplace=True)
    )
    (conv_down5): Sequential(
      (0): Conv3d(512, 512, kernel_size=(4, 4, 4), stride=(2, 2, 2), padding=(1, 1, 1))
      (1): LeakyReLU(negative_slope=0.01, inplace=True)
    )
    (conv_down6): Sequential(
      (0): Conv3d(512, 512, kernel_size=(4, 4, 4), stride=(2, 2, 2), padding=(1, 1, 1))
      (1): LeakyReLU(negative_slope=0.01, inplace=True)
    )
    (conv_up6): Sequential(
      (0): ConvTranspose3d(512, 512, kernel_size=(4, 4, 4), stride=(2, 2, 2), padding=(1, 1, 1))
      (1): ReLU(inplace=True)
    )
    (conv_up5): Sequential(
      (0): ConvTranspose3d(1024, 512, kernel_size=(4, 4, 4), stride=(2, 2, 2), padding=(1, 1, 1))
      (1): ReLU(inplace=True)
    )
    (conv_up4): Sequential(
      (0): ConvTranspose3d(1024, 256, kernel_size=(4, 4, 4), stride=(2, 2, 2), padding=(1, 1, 1))
      (1): ReLU(inplace=True)
    )
    (conv_up3): Sequential(
      (0): ConvTranspose3d(512, 128, kernel_size=(4, 4, 4), stride=(2, 2, 2), padding=(1, 1, 1))
      (1): ReLU(inplace=True)
    )
    (conv_up2): Sequential(
      (0): ConvTranspose3d(256, 64, kernel_size=(4, 4, 4), stride=(2, 2, 2), padding=(1, 1, 1))
      (1): ReLU(inplace=True)
    )
    (conv_last): ConvTranspose3d(128, 5, kernel_size=(4, 4, 4), stride=(2, 2, 2), padding=(1, 1, 1))
  )
)
2020-07-22 19:25:30,288 - root - INFO - Starting Training Loop...
2020-07-22 19:31:32,806 - root - INFO - Time taken for epoch 3 is 362.5176684856415 sec
2020-07-22 19:31:32,806 - root - INFO - train step time=56.11220335960388, logging time=97.37278342247009
2020-07-22 19:33:47,776 - root - INFO - Time taken for epoch 4 is 134.96979570388794 sec
2020-07-22 19:33:47,777 - root - INFO - train step time=29.400362968444824, logging time=89.31660628318787
/global/cfs/cdirs/dasrepo/tkurth/DataScience/cosmo-3D/src/DDP_UNet_original/utils/plotting.py:49: RuntimeWarning: divide by zero encountered in true_divide
  (prediction - tar), prediction, (prediction - tar)/tar]
2020-07-22 19:35:50,848 - root - INFO - Time taken for epoch 5 is 123.07096600532532 sec
2020-07-22 19:35:50,848 - root - INFO - train step time=24.24455690383911, logging time=80.57814431190491
2020-07-22 19:36:26,748 - root - INFO - DONE ---- rank 3
2020-07-22 19:36:26,914 - root - INFO - DONE ---- rank 5
2020-07-22 19:36:27,412 - root - INFO - DONE ---- rank 1
2020-07-22 19:36:27,649 - root - INFO - DONE ---- rank 7
2020-07-22 19:36:27,705 - root - INFO - DONE ---- rank 6
2020-07-22 19:36:27,962 - root - INFO - DONE ---- rank 2
2020-07-22 19:36:28,150 - root - INFO - DONE ---- rank 4
2020-07-22 19:37:41,722 - root - INFO - Time taken for epoch 6 is 110.87373161315918 sec
2020-07-22 19:37:41,723 - root - INFO - train step time=18.387648344039917, logging time=78.77059149742126
2020-07-22 19:37:45,413 - root - INFO - DONE ---- rank 0
*****************************************
Setting OMP_NUM_THREADS environment variable for each process to be 1 in default, to avoid your system being overloaded, please further tune the variable for optimal performance in your application as needed. 
*****************************************
Wed Jul 22 12:37:48 PDT 2020
