2020-07-22 19:00:25,611 - root - INFO - rank 3, begin data loader init
2020-07-22 19:00:25,611 - root - INFO - rank 2, begin data loader init
2020-07-22 19:00:25,611 - root - INFO - rank 6, begin data loader init
2020-07-22 19:00:25,611 - root - INFO - rank 5, begin data loader init
2020-07-22 19:00:25,611 - root - INFO - rank 7, begin data loader init
2020-07-22 19:00:26,615 - root - INFO - rank 4, begin data loader init
2020-07-22 19:00:26,615 - root - INFO - rank 1, begin data loader init
2020-07-22 19:00:26,625 - root - INFO - ------------------ Configuration ------------------
2020-07-22 19:00:26,628 - root - INFO - Configuration file: /global/cfs/cdirs/dasrepo/tkurth/DataScience/cosmo-3D/src/DDP_UNet_original/config/UNet.yaml
2020-07-22 19:00:26,628 - root - INFO - Configuration name: multi8
2020-07-22 19:00:26,633 - root - INFO - ngpu 8
2020-07-22 19:00:26,633 - root - INFO - weight_init ordereddict([('conv_init', 'normal'), ('conv_scale', 0.02), ('conv_bias', 0.0)])
2020-07-22 19:00:26,633 - root - INFO - lr 0.0001
2020-07-22 19:00:26,633 - root - INFO - data_path /data/DDP_trdat.h5
2020-07-22 19:00:26,633 - root - INFO - num_epochs 2
2020-07-22 19:00:26,633 - root - INFO - num_data_workers 2
2020-07-22 19:00:26,633 - root - INFO - LAMBDA_2 0.01
2020-07-22 19:00:26,633 - root - INFO - data_size 256
2020-07-22 19:00:26,633 - root - INFO - N_out_channels 5
2020-07-22 19:00:26,633 - root - INFO - batch_size 1
2020-07-22 19:00:26,633 - root - INFO - ---------------------------------------------------
2020-07-22 19:00:26,633 - root - INFO - rank 0, begin data loader init
2020-07-22 19:06:37,241 - root - INFO - rank 0, data loader initialized
2020-07-22 19:06:37,245 - root - INFO - rank 6, data loader initialized
2020-07-22 19:06:37,541 - root - INFO - rank 7, data loader initialized
2020-07-22 19:06:37,601 - root - INFO - rank 3, data loader initialized
2020-07-22 19:06:38,216 - root - INFO - rank 5, data loader initialized
2020-07-22 19:06:38,220 - root - INFO - rank 2, data loader initialized
2020-07-22 19:06:38,593 - root - INFO - rank 4, data loader initialized
2020-07-22 19:06:39,483 - root - INFO - rank 1, data loader initialized
2020-07-22 19:06:44,978 - root - INFO - DistributedDataParallel(
  (module): UNet(
    (conv_down1): Sequential(
      (0): Conv3d(4, 64, kernel_size=(4, 4, 4), stride=(2, 2, 2), padding=(1, 1, 1))
      (1): LeakyReLU(negative_slope=0.01, inplace=True)
    )
    (conv_down2): Sequential(
      (0): Conv3d(64, 128, kernel_size=(4, 4, 4), stride=(2, 2, 2), padding=(1, 1, 1))
      (1): LeakyReLU(negative_slope=0.01, inplace=True)
    )
    (conv_down3): Sequential(
      (0): Conv3d(128, 256, kernel_size=(4, 4, 4), stride=(2, 2, 2), padding=(1, 1, 1))
      (1): LeakyReLU(negative_slope=0.01, inplace=True)
    )
    (conv_down4): Sequential(
      (0): Conv3d(256, 512, kernel_size=(4, 4, 4), stride=(2, 2, 2), padding=(1, 1, 1))
      (1): LeakyReLU(negative_slope=0.01, inplace=True)
    )
    (conv_down5): Sequential(
      (0): Conv3d(512, 512, kernel_size=(4, 4, 4), stride=(2, 2, 2), padding=(1, 1, 1))
      (1): LeakyReLU(negative_slope=0.01, inplace=True)
    )
    (conv_down6): Sequential(
      (0): Conv3d(512, 512, kernel_size=(4, 4, 4), stride=(2, 2, 2), padding=(1, 1, 1))
      (1): LeakyReLU(negative_slope=0.01, inplace=True)
    )
    (conv_up6): Sequential(
      (0): ConvTranspose3d(512, 512, kernel_size=(4, 4, 4), stride=(2, 2, 2), padding=(1, 1, 1))
      (1): ReLU(inplace=True)
    )
    (conv_up5): Sequential(
      (0): ConvTranspose3d(1024, 512, kernel_size=(4, 4, 4), stride=(2, 2, 2), padding=(1, 1, 1))
      (1): ReLU(inplace=True)
    )
    (conv_up4): Sequential(
      (0): ConvTranspose3d(1024, 256, kernel_size=(4, 4, 4), stride=(2, 2, 2), padding=(1, 1, 1))
      (1): ReLU(inplace=True)
    )
    (conv_up3): Sequential(
      (0): ConvTranspose3d(512, 128, kernel_size=(4, 4, 4), stride=(2, 2, 2), padding=(1, 1, 1))
      (1): ReLU(inplace=True)
    )
    (conv_up2): Sequential(
      (0): ConvTranspose3d(256, 64, kernel_size=(4, 4, 4), stride=(2, 2, 2), padding=(1, 1, 1))
      (1): ReLU(inplace=True)
    )
    (conv_last): ConvTranspose3d(128, 5, kernel_size=(4, 4, 4), stride=(2, 2, 2), padding=(1, 1, 1))
  )
)
2020-07-22 19:06:44,980 - root - INFO - Starting Training Loop...
2020-07-22 19:13:19,922 - root - INFO - Time taken for epoch 1 is 394.9414119720459 sec
2020-07-22 19:13:19,922 - root - INFO - train step time=93.52492761611938, logging time=120.65542507171631
2020-07-22 19:14:13,827 - root - INFO - DONE ---- rank 2
2020-07-22 19:14:14,489 - root - INFO - DONE ---- rank 6
2020-07-22 19:14:14,644 - root - INFO - DONE ---- rank 7
2020-07-22 19:14:14,648 - root - INFO - DONE ---- rank 5
2020-07-22 19:14:14,830 - root - INFO - DONE ---- rank 1
2020-07-22 19:14:15,478 - root - INFO - DONE ---- rank 4
2020-07-22 19:14:15,577 - root - INFO - DONE ---- rank 3
2020-07-22 19:15:25,899 - root - INFO - Time taken for epoch 2 is 125.9763503074646 sec
2020-07-22 19:15:25,899 - root - INFO - train step time=28.71045708656311, logging time=75.2927188873291
2020-07-22 19:15:29,286 - root - INFO - DONE ---- rank 0
*****************************************
Setting OMP_NUM_THREADS environment variable for each process to be 1 in default, to avoid your system being overloaded, please further tune the variable for optimal performance in your application as needed. 
*****************************************
Wed Jul 22 12:15:32 PDT 2020
