Distributed computation initialized
Distributed computation initialized
Distributed computation initialized
Distributed computation initialized
Distributed computation initialized
2020-07-22 21:02:58,197 - root - INFO - rank 4, begin data loader init
2020-07-22 21:02:58,197 - root - INFO - rank 7, begin data loader init
2020-07-22 21:02:58,197 - root - INFO - rank 2, begin data loader init
2020-07-22 21:02:58,197 - root - INFO - rank 1, begin data loader init
2020-07-22 21:02:58,197 - root - INFO - rank 5, begin data loader init
Distributed computation initialized
Distributed computation initialized
2020-07-22 21:02:58,197 - root - INFO - rank 3, begin data loader init
2020-07-22 21:02:58,197 - root - INFO - rank 6, begin data loader init
Distributed computation initialized
2020-07-22 21:02:58,236 - root - INFO - ------------------ Configuration ------------------
2020-07-22 21:02:58,237 - root - INFO - Configuration file: /global/cfs/cdirs/dasrepo/tkurth/DataScience/cosmo-3D/src/DDP_UNet_original/config/UNet.yaml
2020-07-22 21:02:58,237 - root - INFO - Configuration name: multi8
2020-07-22 21:02:58,241 - root - INFO - ngpu 8
2020-07-22 21:02:58,241 - root - INFO - weight_init ordereddict([('conv_init', 'normal'), ('conv_scale', 0.02), ('conv_bias', 0.0)])
2020-07-22 21:02:58,241 - root - INFO - lr 0.0001
2020-07-22 21:02:58,241 - root - INFO - data_path /data/DDP_trdat.h5
2020-07-22 21:02:58,241 - root - INFO - num_epochs 4
2020-07-22 21:02:58,241 - root - INFO - num_data_workers 2
2020-07-22 21:02:58,241 - root - INFO - LAMBDA_2 0.01
2020-07-22 21:02:58,241 - root - INFO - data_size 256
2020-07-22 21:02:58,241 - root - INFO - N_out_channels 5
2020-07-22 21:02:58,241 - root - INFO - batch_size 1
2020-07-22 21:02:58,241 - root - INFO - ---------------------------------------------------
2020-07-22 21:02:58,241 - root - INFO - rank 0, begin data loader init
srun: Job step aborted: Waiting up to 32 seconds for job step to finish.
slurmstepd: error: *** JOB 838988 ON cgpu07 CANCELLED AT 2020-07-22T14:07:42 ***
slurmstepd: error: *** STEP 838988.0 ON cgpu07 CANCELLED AT 2020-07-22T14:07:44 ***
