Transposed Input
Enable Rotation
Transposed Input
Enable Rotation
Transposed Input
Enable Rotation
Transposed Input
Enable Rotation
Transposed Input
Enable Rotation
Transposed Input
Enable Rotation
Setup: took 50.630805015563965s
starting warmup
starting timing
Run 0: iterations took 7.717304944992065s for 20 iterations (2.5915782961224636 iter/s)
Run 1: iterations took 7.620612859725952s for 20 iterations (2.6244608364371405 iter/s)
Run 2: iterations took 7.062479496002197s for 20 iterations (2.831866628614107 iter/s)
Run 3: iterations took 7.124591588973999s for 20 iterations (2.8071784537027993 iter/s)
Run 4: iterations took 7.072754144668579s for 20 iterations (2.8277527524515946 iter/s)
finished timing
Transposed Input
Enable Rotation
Transposed Input
Enable Rotation
