Transposed Input
Enable Rotation
Transposed Input
Enable Rotation
Transposed Input
Enable Rotation
Transposed Input
Enable Rotation
Transposed Input
Enable Rotation
Transposed Input
Enable Rotation
Transposed Input
Enable Rotation
Transposed Input
Enable Rotation
Transposed Input
Enable Rotation
Transposed Input
Enable Rotation
Transposed Input
Enable Rotation
Transposed Input
Enable Rotation
Transposed Input
Enable Rotation
Transposed Input
Enable Rotation
Transposed Input
Enable Rotation
Transposed Input
Enable Rotation
Setup: took 111.4711263179779s
starting warmup
starting timing
Run 0: iterations took 7.705935478210449s for 20 iterations (2.5954019543185436 iter/s)
Run 1: iterations took 7.49518895149231s for 20 iterations (2.668378359696716 iter/s)
Run 2: iterations took 7.549462556838989s for 20 iterations (2.6491952042178397 iter/s)
Run 3: iterations took 8.339090585708618s for 20 iterations (2.3983430560492573 iter/s)
Run 4: iterations took 8.15054440498352s for 20 iterations (2.4538238191514323 iter/s)
finished timing
