Transposed Input
Enable Rotation
Transposed Input
Enable Rotation
Transposed Input
Enable Rotation
Transposed Input
Enable Rotation
Transposed Input
Enable Rotation
Transposed Input
Enable Rotation
Transposed Input
Enable Rotation
Transposed Input
Enable Rotation
Setup: took 28.707313299179077s
starting warmup
starting timing
Run 0: iterations took 15.591196060180664s for 20 iterations (1.2827752228117544 iter/s)
Run 1: iterations took 15.839690685272217s for 20 iterations (1.262650918972556 iter/s)
Run 2: iterations took 15.093520641326904s for 20 iterations (1.325071895104372 iter/s)
Run 3: iterations took 15.096755266189575s for 20 iterations (1.3247879857197953 iter/s)
Run 4: iterations took 15.043540477752686s for 20 iterations (1.329474270340631 iter/s)
finished timing
Transposed Input
Enable Rotation
Transposed Input
Enable Rotation
Transposed Input
Enable Rotation
Transposed Input
Enable Rotation
Transposed Input
Enable Rotation
Transposed Input
Enable Rotation
Transposed Input
Enable Rotation
Transposed Input
Enable Rotation
