Transposed Input
Enable Rotation
Transposed Input
Enable Rotation
Transposed Input
Enable Rotation
Transposed Input
Enable Rotation
Transposed Input
Enable Rotation
Transposed Input
Enable Rotation
Transposed Input
Enable Rotation
Transposed Input
Enable Rotation
Setup: took 29.817453384399414s
starting warmup
starting timing
Run 0: iterations took 14.703532457351685s for 20 iterations (1.3602173530755945 iter/s)
Run 1: iterations took 15.386186361312866s for 20 iterations (1.2998672660229917 iter/s)
Run 2: iterations took 14.66765546798706s for 20 iterations (1.3635444358269162 iter/s)
Run 3: iterations took 14.727495193481445s for 20 iterations (1.3580041777132763 iter/s)
Run 4: iterations took 14.789585590362549s for 20 iterations (1.3523029349133862 iter/s)
finished timing
