libibverbs: Warning: no userspace device-specific driver found for /sys/class/infiniband_verbs/uverbs1
libibverbs: Warning: no userspace device-specific driver found for /sys/class/infiniband_verbs/uverbs3
libibverbs: Warning: no userspace device-specific driver found for /sys/class/infiniband_verbs/uverbs5
libibverbs: Warning: no userspace device-specific driver found for /sys/class/infiniband_verbs/uverbs7
libibverbs: Warning: no userspace device-specific driver found for /sys/class/infiniband_verbs/uverbs0
libibverbs: Warning: no userspace device-specific driver found for /sys/class/infiniband_verbs/uverbs2
libibverbs: Warning: no userspace device-specific driver found for /sys/class/infiniband_verbs/uverbs4
libibverbs: Warning: no userspace device-specific driver found for /sys/class/infiniband_verbs/uverbs6
libibverbs: Warning: no userspace device-specific driver found for /sys/class/infiniband_verbs/uverbs8
libibverbs: Warning: no userspace device-specific driver found for /sys/class/infiniband_verbs/uverbs1
libibverbs: Warning: no userspace device-specific driver found for /sys/class/infiniband_verbs/uverbs3
libibverbs: Warning: no userspace device-specific driver found for /sys/class/infiniband_verbs/uverbs5
libibverbs: Warning: no userspace device-specific driver found for /sys/class/infiniband_verbs/uverbs7
libibverbs: Warning: no userspace device-specific driver found for /sys/class/infiniband_verbs/uverbs0
libibverbs: Warning: no userspace device-specific driver found for /sys/class/infiniband_verbs/uverbs2
libibverbs: Warning: no userspace device-specific driver found for /sys/class/infiniband_verbs/uverbs4
libibverbs: Warning: no userspace device-specific driver found for /sys/class/infiniband_verbs/uverbs6
libibverbs: Warning: no userspace device-specific driver found for /sys/class/infiniband_verbs/uverbs8
libibverbs: Warning: no userspace device-specific driver found for /sys/class/infiniband_verbs/uverbs1
libibverbs: Warning: no userspace device-specific driver found for /sys/class/infiniband_verbs/uverbs3
libibverbs: Warning: no userspace device-specific driver found for /sys/class/infiniband_verbs/uverbs5
libibverbs: Warning: no userspace device-specific driver found for /sys/class/infiniband_verbs/uverbs7
libibverbs: Warning: no userspace device-specific driver found for /sys/class/infiniband_verbs/uverbs0
libibverbs: Warning: no userspace device-specific driver found for /sys/class/infiniband_verbs/uverbs2
libibverbs: Warning: no userspace device-specific driver found for /sys/class/infiniband_verbs/uverbs4
libibverbs: Warning: no userspace device-specific driver found for /sys/class/infiniband_verbs/uverbs6
libibverbs: Warning: no userspace device-specific driver found for /sys/class/infiniband_verbs/uverbs8
libibverbs: Warning: no userspace device-specific driver found for /sys/class/infiniband_verbs/uverbs1
libibverbs: Warning: no userspace device-specific driver found for /sys/class/infiniband_verbs/uverbs3
libibverbs: Warning: no userspace device-specific driver found for /sys/class/infiniband_verbs/uverbs5
libibverbs: Warning: no userspace device-specific driver found for /sys/class/infiniband_verbs/uverbs7
libibverbs: Warning: no userspace device-specific driver found for /sys/class/infiniband_verbs/uverbs0
libibverbs: Warning: no userspace device-specific driver found for /sys/class/infiniband_verbs/uverbs2
libibverbs: Warning: no userspace device-specific driver found for /sys/class/infiniband_verbs/uverbs4
libibverbs: Warning: no userspace device-specific driver found for /sys/class/infiniband_verbs/uverbs6
libibverbs: Warning: no userspace device-specific driver found for /sys/class/infiniband_verbs/uverbs8
libibverbs: Warning: no userspace device-specific driver found for /sys/class/infiniband_verbs/uverbs1
libibverbs: Warning: no userspace device-specific driver found for /sys/class/infiniband_verbs/uverbs3
libibverbs: Warning: no userspace device-specific driver found for /sys/class/infiniband_verbs/uverbs5
libibverbs: Warning: no userspace device-specific driver found for /sys/class/infiniband_verbs/uverbs7
libibverbs: Warning: no userspace device-specific driver found for /sys/class/infiniband_verbs/uverbs0
libibverbs: Warning: no userspace device-specific driver found for /sys/class/infiniband_verbs/uverbs2
libibverbs: Warning: no userspace device-specific driver found for /sys/class/infiniband_verbs/uverbs4
libibverbs: Warning: no userspace device-specific driver found for /sys/class/infiniband_verbs/uverbs6
libibverbs: Warning: no userspace device-specific driver found for /sys/class/infiniband_verbs/uverbs8
libibverbs: Warning: no userspace device-specific driver found for /sys/class/infiniband_verbs/uverbs1
libibverbs: Warning: no userspace device-specific driver found for /sys/class/infiniband_verbs/uverbs3
libibverbs: Warning: no userspace device-specific driver found for /sys/class/infiniband_verbs/uverbs5
libibverbs: Warning: no userspace device-specific driver found for /sys/class/infiniband_verbs/uverbs7
libibverbs: Warning: no userspace device-specific driver found for /sys/class/infiniband_verbs/uverbs0
libibverbs: Warning: no userspace device-specific driver found for /sys/class/infiniband_verbs/uverbs2
libibverbs: Warning: no userspace device-specific driver found for /sys/class/infiniband_verbs/uverbs4
libibverbs: Warning: no userspace device-specific driver found for /sys/class/infiniband_verbs/uverbs6
libibverbs: Warning: no userspace device-specific driver found for /sys/class/infiniband_verbs/uverbs8
libibverbs: Warning: no userspace device-specific driver found for /sys/class/infiniband_verbs/uverbs1
libibverbs: Warning: no userspace device-specific driver found for /sys/class/infiniband_verbs/uverbs3
libibverbs: Warning: no userspace device-specific driver found for /sys/class/infiniband_verbs/uverbs5
libibverbs: Warning: no userspace device-specific driver found for /sys/class/infiniband_verbs/uverbs7
libibverbs: Warning: no userspace device-specific driver found for /sys/class/infiniband_verbs/uverbs0
libibverbs: Warning: no userspace device-specific driver found for /sys/class/infiniband_verbs/uverbs2
libibverbs: Warning: no userspace device-specific driver found for /sys/class/infiniband_verbs/uverbs4
libibverbs: Warning: no userspace device-specific driver found for /sys/class/infiniband_verbs/uverbs6
libibverbs: Warning: no userspace device-specific driver found for /sys/class/infiniband_verbs/uverbs8
libibverbs: Warning: no userspace device-specific driver found for /sys/class/infiniband_verbs/uverbs1
libibverbs: Warning: no userspace device-specific driver found for /sys/class/infiniband_verbs/uverbs3
libibverbs: Warning: no userspace device-specific driver found for /sys/class/infiniband_verbs/uverbs5
libibverbs: Warning: no userspace device-specific driver found for /sys/class/infiniband_verbs/uverbs7
libibverbs: Warning: no userspace device-specific driver found for /sys/class/infiniband_verbs/uverbs0
libibverbs: Warning: no userspace device-specific driver found for /sys/class/infiniband_verbs/uverbs2
libibverbs: Warning: no userspace device-specific driver found for /sys/class/infiniband_verbs/uverbs4
libibverbs: Warning: no userspace device-specific driver found for /sys/class/infiniband_verbs/uverbs6
libibverbs: Warning: no userspace device-specific driver found for /sys/class/infiniband_verbs/uverbs8
libibverbs: Warning: no userspace device-specific driver found for /sys/class/infiniband_verbs/uverbs1
libibverbs: Warning: no userspace device-specific driver found for /sys/class/infiniband_verbs/uverbs3
libibverbs: Warning: no userspace device-specific driver found for /sys/class/infiniband_verbs/uverbs5
libibverbs: Warning: no userspace device-specific driver found for /sys/class/infiniband_verbs/uverbs7
libibverbs: Warning: no userspace device-specific driver found for /sys/class/infiniband_verbs/uverbs0
libibverbs: Warning: no userspace device-specific driver found for /sys/class/infiniband_verbs/uverbs2
libibverbs: Warning: no userspace device-specific driver found for /sys/class/infiniband_verbs/uverbs4
libibverbs: Warning: no userspace device-specific driver found for /sys/class/infiniband_verbs/uverbs6
libibverbs: Warning: no userspace device-specific driver found for /sys/class/infiniband_verbs/uverbs8
libibverbs: Warning: no userspace device-specific driver found for /sys/class/infiniband_verbs/uverbs1
libibverbs: Warning: no userspace device-specific driver found for /sys/class/infiniband_verbs/uverbs3
libibverbs: Warning: no userspace device-specific driver found for /sys/class/infiniband_verbs/uverbs5
libibverbs: Warning: no userspace device-specific driver found for /sys/class/infiniband_verbs/uverbs7
libibverbs: Warning: no userspace device-specific driver found for /sys/class/infiniband_verbs/uverbs0
libibverbs: Warning: no userspace device-specific driver found for /sys/class/infiniband_verbs/uverbs2
libibverbs: Warning: no userspace device-specific driver found for /sys/class/infiniband_verbs/uverbs4
libibverbs: Warning: no userspace device-specific driver found for /sys/class/infiniband_verbs/uverbs6
libibverbs: Warning: no userspace device-specific driver found for /sys/class/infiniband_verbs/uverbs8
libibverbs: Warning: no userspace device-specific driver found for /sys/class/infiniband_verbs/uverbs1
libibverbs: Warning: no userspace device-specific driver found for /sys/class/infiniband_verbs/uverbs3
libibverbs: Warning: no userspace device-specific driver found for /sys/class/infiniband_verbs/uverbs5
libibverbs: Warning: no userspace device-specific driver found for /sys/class/infiniband_verbs/uverbs7
libibverbs: Warning: no userspace device-specific driver found for /sys/class/infiniband_verbs/uverbs0
libibverbs: Warning: no userspace device-specific driver found for /sys/class/infiniband_verbs/uverbs2
libibverbs: Warning: no userspace device-specific driver found for /sys/class/infiniband_verbs/uverbs4
libibverbs: Warning: no userspace device-specific driver found for /sys/class/infiniband_verbs/uverbs6
libibverbs: Warning: no userspace device-specific driver found for /sys/class/infiniband_verbs/uverbs8
libibverbs: Warning: no userspace device-specific driver found for /sys/class/infiniband_verbs/uverbs1
libibverbs: Warning: no userspace device-specific driver found for /sys/class/infiniband_verbs/uverbs3
libibverbs: Warning: no userspace device-specific driver found for /sys/class/infiniband_verbs/uverbs5
libibverbs: Warning: no userspace device-specific driver found for /sys/class/infiniband_verbs/uverbs7
libibverbs: Warning: no userspace device-specific driver found for /sys/class/infiniband_verbs/uverbs0
libibverbs: Warning: no userspace device-specific driver found for /sys/class/infiniband_verbs/uverbs2
libibverbs: Warning: no userspace device-specific driver found for /sys/class/infiniband_verbs/uverbs4
libibverbs: Warning: no userspace device-specific driver found for /sys/class/infiniband_verbs/uverbs6
libibverbs: Warning: no userspace device-specific driver found for /sys/class/infiniband_verbs/uverbs8
libibverbs: Warning: no userspace device-specific driver found for /sys/class/infiniband_verbs/uverbs1
libibverbs: Warning: no userspace device-specific driver found for /sys/class/infiniband_verbs/uverbs3
libibverbs: Warning: no userspace device-specific driver found for /sys/class/infiniband_verbs/uverbs5
libibverbs: Warning: no userspace device-specific driver found for /sys/class/infiniband_verbs/uverbs7
libibverbs: Warning: no userspace device-specific driver found for /sys/class/infiniband_verbs/uverbs0
libibverbs: Warning: no userspace device-specific driver found for /sys/class/infiniband_verbs/uverbs2
libibverbs: Warning: no userspace device-specific driver found for /sys/class/infiniband_verbs/uverbs4
libibverbs: Warning: no userspace device-specific driver found for /sys/class/infiniband_verbs/uverbs6
libibverbs: Warning: no userspace device-specific driver found for /sys/class/infiniband_verbs/uverbs8
libibverbs: Warning: no userspace device-specific driver found for /sys/class/infiniband_verbs/uverbs1
libibverbs: Warning: no userspace device-specific driver found for /sys/class/infiniband_verbs/uverbs3
libibverbs: Warning: no userspace device-specific driver found for /sys/class/infiniband_verbs/uverbs5
libibverbs: Warning: no userspace device-specific driver found for /sys/class/infiniband_verbs/uverbs7
libibverbs: Warning: no userspace device-specific driver found for /sys/class/infiniband_verbs/uverbs0
libibverbs: Warning: no userspace device-specific driver found for /sys/class/infiniband_verbs/uverbs2
libibverbs: Warning: no userspace device-specific driver found for /sys/class/infiniband_verbs/uverbs4
libibverbs: Warning: no userspace device-specific driver found for /sys/class/infiniband_verbs/uverbs6
libibverbs: Warning: no userspace device-specific driver found for /sys/class/infiniband_verbs/uverbs8
libibverbs: Warning: no userspace device-specific driver found for /sys/class/infiniband_verbs/uverbs1
libibverbs: Warning: no userspace device-specific driver found for /sys/class/infiniband_verbs/uverbs3
libibverbs: Warning: no userspace device-specific driver found for /sys/class/infiniband_verbs/uverbs5
libibverbs: Warning: no userspace device-specific driver found for /sys/class/infiniband_verbs/uverbs7
libibverbs: Warning: no userspace device-specific driver found for /sys/class/infiniband_verbs/uverbs0
libibverbs: Warning: no userspace device-specific driver found for /sys/class/infiniband_verbs/uverbs2
libibverbs: Warning: no userspace device-specific driver found for /sys/class/infiniband_verbs/uverbs4
libibverbs: Warning: no userspace device-specific driver found for /sys/class/infiniband_verbs/uverbs6
libibverbs: Warning: no userspace device-specific driver found for /sys/class/infiniband_verbs/uverbs8
libibverbs: Warning: no userspace device-specific driver found for /sys/class/infiniband_verbs/uverbs1
libibverbs: Warning: no userspace device-specific driver found for /sys/class/infiniband_verbs/uverbs3
libibverbs: Warning: no userspace device-specific driver found for /sys/class/infiniband_verbs/uverbs5
libibverbs: Warning: no userspace device-specific driver found for /sys/class/infiniband_verbs/uverbs7
libibverbs: Warning: no userspace device-specific driver found for /sys/class/infiniband_verbs/uverbs0
libibverbs: Warning: no userspace device-specific driver found for /sys/class/infiniband_verbs/uverbs2
libibverbs: Warning: no userspace device-specific driver found for /sys/class/infiniband_verbs/uverbs4
libibverbs: Warning: no userspace device-specific driver found for /sys/class/infiniband_verbs/uverbs6
libibverbs: Warning: no userspace device-specific driver found for /sys/class/infiniband_verbs/uverbs8
Original Input
Enable Rotation
Original Input
Enable Rotation
Original Input
Enable Rotation
Original Input
Enable Rotation
Original Input
Enable Rotation
Original Input
Enable Rotation
Original Input
Enable Rotation
Original Input
Enable Rotation
Original Input
Enable Rotation
Original Input
Enable Rotation
Original Input
Enable Rotation
Original Input
Enable Rotation
Original Input
Enable Rotation
Original Input
Enable Rotation
Setup: took 560.2755401134491s
starting warmup
Original Input
Enable Rotation
Original Input
Enable Rotation
starting timing
Run 0: iterations took 69.68871688842773s for 20 iterations (0.28699050424504413 iter/s)
Run 1: iterations took 38.753474950790405s for 20 iterations (0.516082751944083 iter/s)
Run 2: iterations took 29.55525016784668s for 20 iterations (0.6766987214257489 iter/s)
Run 3: iterations took 30.792766332626343s for 20 iterations (0.6495031912351794 iter/s)
Run 4: iterations took 19.069353818893433s for 20 iterations (1.0488032363311917 iter/s)
finished timing
