libibverbs: Warning: no userspace device-specific driver found for /sys/class/infiniband_verbs/uverbs1
libibverbs: Warning: no userspace device-specific driver found for /sys/class/infiniband_verbs/uverbs3
libibverbs: Warning: no userspace device-specific driver found for /sys/class/infiniband_verbs/uverbs5
libibverbs: Warning: no userspace device-specific driver found for /sys/class/infiniband_verbs/uverbs7
libibverbs: Warning: no userspace device-specific driver found for /sys/class/infiniband_verbs/uverbs0
libibverbs: Warning: no userspace device-specific driver found for /sys/class/infiniband_verbs/uverbs2
libibverbs: Warning: no userspace device-specific driver found for /sys/class/infiniband_verbs/uverbs4
libibverbs: Warning: no userspace device-specific driver found for /sys/class/infiniband_verbs/uverbs6
libibverbs: Warning: no userspace device-specific driver found for /sys/class/infiniband_verbs/uverbs8
libibverbs: Warning: no userspace device-specific driver found for /sys/class/infiniband_verbs/uverbs1
libibverbs: Warning: no userspace device-specific driver found for /sys/class/infiniband_verbs/uverbs3
libibverbs: Warning: no userspace device-specific driver found for /sys/class/infiniband_verbs/uverbs5
libibverbs: Warning: no userspace device-specific driver found for /sys/class/infiniband_verbs/uverbs7
libibverbs: Warning: no userspace device-specific driver found for /sys/class/infiniband_verbs/uverbs0
libibverbs: Warning: no userspace device-specific driver found for /sys/class/infiniband_verbs/uverbs2
libibverbs: Warning: no userspace device-specific driver found for /sys/class/infiniband_verbs/uverbs4
libibverbs: Warning: no userspace device-specific driver found for /sys/class/infiniband_verbs/uverbs6
libibverbs: Warning: no userspace device-specific driver found for /sys/class/infiniband_verbs/uverbs8
libibverbs: Warning: no userspace device-specific driver found for /sys/class/infiniband_verbs/uverbs1
libibverbs: Warning: no userspace device-specific driver found for /sys/class/infiniband_verbs/uverbs3
libibverbs: Warning: no userspace device-specific driver found for /sys/class/infiniband_verbs/uverbs5
libibverbs: Warning: no userspace device-specific driver found for /sys/class/infiniband_verbs/uverbs7
libibverbs: Warning: no userspace device-specific driver found for /sys/class/infiniband_verbs/uverbs0
libibverbs: Warning: no userspace device-specific driver found for /sys/class/infiniband_verbs/uverbs2
libibverbs: Warning: no userspace device-specific driver found for /sys/class/infiniband_verbs/uverbs4
libibverbs: Warning: no userspace device-specific driver found for /sys/class/infiniband_verbs/uverbs6
libibverbs: Warning: no userspace device-specific driver found for /sys/class/infiniband_verbs/uverbs8
libibverbs: Warning: no userspace device-specific driver found for /sys/class/infiniband_verbs/uverbs1
libibverbs: Warning: no userspace device-specific driver found for /sys/class/infiniband_verbs/uverbs3
libibverbs: Warning: no userspace device-specific driver found for /sys/class/infiniband_verbs/uverbs5
libibverbs: Warning: no userspace device-specific driver found for /sys/class/infiniband_verbs/uverbs7
libibverbs: Warning: no userspace device-specific driver found for /sys/class/infiniband_verbs/uverbs0
libibverbs: Warning: no userspace device-specific driver found for /sys/class/infiniband_verbs/uverbs2
libibverbs: Warning: no userspace device-specific driver found for /sys/class/infiniband_verbs/uverbs4
libibverbs: Warning: no userspace device-specific driver found for /sys/class/infiniband_verbs/uverbs6
libibverbs: Warning: no userspace device-specific driver found for /sys/class/infiniband_verbs/uverbs8
Original Input
Enable Rotation
Original Input
Enable Rotation
Original Input
Enable Rotation
Original Input
Enable Rotation
Setup: took 36.189183473587036s
starting warmup
starting timing
Run 0: iterations took 16.47096037864685s for 20 iterations (1.2142582788267913 iter/s)
Run 1: iterations took 14.780323505401611s for 20 iterations (1.3531503551117001 iter/s)
Run 2: iterations took 15.038553953170776s for 20 iterations (1.3299151010315813 iter/s)
Run 3: iterations took 16.88273596763611s for 20 iterations (1.1846421124123263 iter/s)
Run 4: iterations took 14.852604389190674s for 20 iterations (1.346565186544352 iter/s)
finished timing
