2020-06-23 03:09:54,949 - matplotlib.font_manager - INFO - generated new fontManager
2020-06-23 03:09:56,758 - root - INFO - ------------------ Configuration ------------------
2020-06-23 03:09:56,758 - root - INFO - Configuration file: /opt/DDP_UNet/config/UNet_transpose.yaml
2020-06-23 03:09:56,758 - root - INFO - Configuration name: default
2020-06-23 03:09:56,763 - root - INFO - weight_init ordereddict([('conv_init', 'normal'), ('conv_scale', 0.02), ('conv_bias', 0.0)])
2020-06-23 03:09:56,763 - root - INFO - lr 0.0001
2020-06-23 03:09:56,763 - root - INFO - data_path /data/DDP_trdat_tra.h5
2020-06-23 03:09:56,763 - root - INFO - transposed_input 1
2020-06-23 03:09:56,763 - root - INFO - rotate_input 1
2020-06-23 03:09:56,763 - root - INFO - ngpu 1
2020-06-23 03:09:56,763 - root - INFO - Nsamples 20
2020-06-23 03:09:56,763 - root - INFO - num_epochs 5
2020-06-23 03:09:56,763 - root - INFO - num_data_workers 2
2020-06-23 03:09:56,763 - root - INFO - LAMBDA_2 0.01
2020-06-23 03:09:56,763 - root - INFO - data_size 256
2020-06-23 03:09:56,763 - root - INFO - N_out_channels 5
2020-06-23 03:09:56,763 - root - INFO - batch_size 1
2020-06-23 03:09:56,763 - root - INFO - cpu_pipeline 0
2020-06-23 03:09:56,763 - root - INFO - ---------------------------------------------------
2020-06-23 03:09:56,764 - root - INFO - rank 0, begin data loader init (local rank 0)
Transposed Input
Enable Rotation
Use GPU Pipeline
/opt/python/cp37-cp37m/lib/python3.7/site-packages/nvidia/dali/plugin/base_iterator.py:124: Warning: Please set `reader_name` and don't set last_batch_padded and size manually  whenever possible. This may lead, in some situations, to miss some  samples or return duplicated ones. Check the Sharding section of the documentation for more details.
  _iterator_deprecation_warning()
2020-06-23 03:10:20,091 - root - INFO - rank 0, data loader initialized
2020-06-23 03:10:20,996 - root - INFO - UNet(
  (conv_down1): Sequential(
    (0): Conv3d(4, 64, kernel_size=(4, 4, 4), stride=(2, 2, 2), padding=(1, 1, 1))
    (1): LeakyReLU(negative_slope=0.01, inplace=True)
  )
  (conv_down2): Sequential(
    (0): Conv3d(64, 128, kernel_size=(4, 4, 4), stride=(2, 2, 2), padding=(1, 1, 1))
    (1): LeakyReLU(negative_slope=0.01, inplace=True)
  )
  (conv_down3): Sequential(
    (0): Conv3d(128, 256, kernel_size=(4, 4, 4), stride=(2, 2, 2), padding=(1, 1, 1))
    (1): LeakyReLU(negative_slope=0.01, inplace=True)
  )
  (conv_down4): Sequential(
    (0): Conv3d(256, 512, kernel_size=(4, 4, 4), stride=(2, 2, 2), padding=(1, 1, 1))
    (1): LeakyReLU(negative_slope=0.01, inplace=True)
  )
  (conv_down5): Sequential(
    (0): Conv3d(512, 512, kernel_size=(4, 4, 4), stride=(2, 2, 2), padding=(1, 1, 1))
    (1): LeakyReLU(negative_slope=0.01, inplace=True)
  )
  (conv_down6): Sequential(
    (0): Conv3d(512, 512, kernel_size=(4, 4, 4), stride=(2, 2, 2), padding=(1, 1, 1))
    (1): LeakyReLU(negative_slope=0.01, inplace=True)
  )
  (conv_up6): Sequential(
    (0): ConvTranspose3d(512, 512, kernel_size=(4, 4, 4), stride=(2, 2, 2), padding=(1, 1, 1))
    (1): ReLU(inplace=True)
  )
  (conv_up5): Sequential(
    (0): ConvTranspose3d(1024, 512, kernel_size=(4, 4, 4), stride=(2, 2, 2), padding=(1, 1, 1))
    (1): ReLU(inplace=True)
  )
  (conv_up4): Sequential(
    (0): ConvTranspose3d(1024, 256, kernel_size=(4, 4, 4), stride=(2, 2, 2), padding=(1, 1, 1))
    (1): ReLU(inplace=True)
  )
  (conv_up3): Sequential(
    (0): ConvTranspose3d(512, 128, kernel_size=(4, 4, 4), stride=(2, 2, 2), padding=(1, 1, 1))
    (1): ReLU(inplace=True)
  )
  (conv_up2): Sequential(
    (0): ConvTranspose3d(256, 64, kernel_size=(4, 4, 4), stride=(2, 2, 2), padding=(1, 1, 1))
    (1): ReLU(inplace=True)
  )
  (conv_last): ConvTranspose3d(128, 5, kernel_size=(4, 4, 4), stride=(2, 2, 2), padding=(1, 1, 1))
  (tanh): Tanh()
)
2020-06-23 03:10:20,996 - root - INFO - Starting Training Loop...
2020-06-23 03:10:26,207 - root - INFO - Time taken for epoch 1 is 5.210797309875488 sec
2020-06-23 03:10:26,207 - root - INFO - total time / step = 0.2605332612991333, fw time / step = 0.0, bw time / step = 0.0, exposed io time / step = 0.2605332612991333, iters/s = 3.8382815115949525, logging time = 0.0
2020-06-23 03:10:31,395 - root - INFO - Time taken for epoch 2 is 5.1870880126953125 sec
2020-06-23 03:10:31,395 - root - INFO - total time / step = 0.25934637784957887, fw time / step = 0.0, bw time / step = 0.0, exposed io time / step = 0.25934637784957887, iters/s = 3.8558471812550277, logging time = 0.0
2020-06-23 03:10:36,607 - root - INFO - Time taken for epoch 3 is 5.212386131286621 sec
2020-06-23 03:10:36,608 - root - INFO - total time / step = 0.26061145067214964, fw time / step = 0.0, bw time / step = 0.0, exposed io time / step = 0.26061145067214964, iters/s = 3.8371299396894285, logging time = 0.0
2020-06-23 03:10:41,815 - root - INFO - Time taken for epoch 4 is 5.206663131713867 sec
2020-06-23 03:10:41,815 - root - INFO - total time / step = 0.2603237986564636, fw time / step = 0.0, bw time / step = 0.0, exposed io time / step = 0.2603237986564636, iters/s = 3.8413698830495724, logging time = 0.0
2020-06-23 03:10:47,008 - root - INFO - Time taken for epoch 5 is 5.192687034606934 sec
2020-06-23 03:10:47,008 - root - INFO - total time / step = 0.2596262812614441, fw time / step = 0.0, bw time / step = 0.0, exposed io time / step = 0.2596262812614441, iters/s = 3.851690187685577, logging time = 0.0
2020-06-23 03:10:47,387 - root - INFO - DONE ---- rank 0
