2020-06-23 03:12:59,124 - root - INFO - rank 7, begin data loader init (local rank 7)
2020-06-23 03:12:59,125 - root - INFO - rank 3, begin data loader init (local rank 3)
2020-06-23 03:12:59,125 - root - INFO - rank 4, begin data loader init (local rank 4)
2020-06-23 03:12:59,125 - root - INFO - rank 1, begin data loader init (local rank 1)
2020-06-23 03:12:59,150 - root - INFO - rank 6, begin data loader init (local rank 6)
2020-06-23 03:12:59,150 - root - INFO - rank 2, begin data loader init (local rank 2)
2020-06-23 03:12:59,940 - root - INFO - rank 5, begin data loader init (local rank 5)
2020-06-23 03:12:59,940 - root - INFO - ------------------ Configuration ------------------
2020-06-23 03:12:59,941 - root - INFO - Configuration file: /opt/DDP_UNet/config/UNet_transpose.yaml
2020-06-23 03:12:59,941 - root - INFO - Configuration name: default
2020-06-23 03:12:59,945 - root - INFO - weight_init ordereddict([('conv_init', 'normal'), ('conv_scale', 0.02), ('conv_bias', 0.0)])
2020-06-23 03:12:59,945 - root - INFO - lr 0.0001
2020-06-23 03:12:59,945 - root - INFO - data_path /data/DDP_trdat_tra.h5
2020-06-23 03:12:59,945 - root - INFO - transposed_input 1
2020-06-23 03:12:59,945 - root - INFO - rotate_input 1
2020-06-23 03:12:59,946 - root - INFO - ngpu 1
2020-06-23 03:12:59,946 - root - INFO - Nsamples 20
2020-06-23 03:12:59,946 - root - INFO - num_epochs 5
2020-06-23 03:12:59,946 - root - INFO - num_data_workers 2
2020-06-23 03:12:59,946 - root - INFO - LAMBDA_2 0.01
2020-06-23 03:12:59,946 - root - INFO - data_size 256
2020-06-23 03:12:59,946 - root - INFO - N_out_channels 5
2020-06-23 03:12:59,946 - root - INFO - batch_size 1
2020-06-23 03:12:59,946 - root - INFO - cpu_pipeline 0
2020-06-23 03:12:59,946 - root - INFO - ---------------------------------------------------
2020-06-23 03:12:59,946 - root - INFO - rank 0, begin data loader init (local rank 0)
Transposed Input
Enable Rotation
Use GPU Pipeline
Transposed Input
Transposed Input
Transposed Input
Transposed Input
Transposed Input
Transposed Input
Transposed Input
Enable Rotation
Use GPU Pipeline
Enable Rotation
Enable Rotation
Use GPU Pipeline
Enable Rotation
Enable Rotation
Use GPU Pipeline
Enable Rotation
Use GPU Pipeline
Use GPU Pipeline
Use GPU Pipeline
Enable Rotation
Use GPU Pipeline
/opt/python/cp37-cp37m/lib/python3.7/site-packages/nvidia/dali/plugin/base_iterator.py:124: Warning: Please set `reader_name` and don't set last_batch_padded and size manually  whenever possible. This may lead, in some situations, to miss some  samples or return duplicated ones. Check the Sharding section of the documentation for more details.
  _iterator_deprecation_warning()
2020-06-23 03:13:27,929 - root - INFO - rank 0, data loader initialized
/opt/python/cp37-cp37m/lib/python3.7/site-packages/nvidia/dali/plugin/base_iterator.py:124: Warning: Please set `reader_name` and don't set last_batch_padded and size manually  whenever possible. This may lead, in some situations, to miss some  samples or return duplicated ones. Check the Sharding section of the documentation for more details.
  _iterator_deprecation_warning()
2020-06-23 03:13:28,228 - root - INFO - rank 3, data loader initialized
/opt/python/cp37-cp37m/lib/python3.7/site-packages/nvidia/dali/plugin/base_iterator.py:124: Warning: Please set `reader_name` and don't set last_batch_padded and size manually  whenever possible. This may lead, in some situations, to miss some  samples or return duplicated ones. Check the Sharding section of the documentation for more details.
  _iterator_deprecation_warning()
2020-06-23 03:13:28,552 - root - INFO - rank 7, data loader initialized
/opt/python/cp37-cp37m/lib/python3.7/site-packages/nvidia/dali/plugin/base_iterator.py:124: Warning: Please set `reader_name` and don't set last_batch_padded and size manually  whenever possible. This may lead, in some situations, to miss some  samples or return duplicated ones. Check the Sharding section of the documentation for more details.
  _iterator_deprecation_warning()
2020-06-23 03:13:28,607 - root - INFO - rank 4, data loader initialized
/opt/python/cp37-cp37m/lib/python3.7/site-packages/nvidia/dali/plugin/base_iterator.py:124: Warning: Please set `reader_name` and don't set last_batch_padded and size manually  whenever possible. This may lead, in some situations, to miss some  samples or return duplicated ones. Check the Sharding section of the documentation for more details.
  _iterator_deprecation_warning()
2020-06-23 03:13:28,669 - root - INFO - rank 5, data loader initialized
/opt/python/cp37-cp37m/lib/python3.7/site-packages/nvidia/dali/plugin/base_iterator.py:124: Warning: Please set `reader_name` and don't set last_batch_padded and size manually  whenever possible. This may lead, in some situations, to miss some  samples or return duplicated ones. Check the Sharding section of the documentation for more details.
  _iterator_deprecation_warning()
2020-06-23 03:13:28,703 - root - INFO - rank 6, data loader initialized
/opt/python/cp37-cp37m/lib/python3.7/site-packages/nvidia/dali/plugin/base_iterator.py:124: Warning: Please set `reader_name` and don't set last_batch_padded and size manually  whenever possible. This may lead, in some situations, to miss some  samples or return duplicated ones. Check the Sharding section of the documentation for more details.
  _iterator_deprecation_warning()
2020-06-23 03:13:28,713 - root - INFO - rank 1, data loader initialized
/opt/python/cp37-cp37m/lib/python3.7/site-packages/nvidia/dali/plugin/base_iterator.py:124: Warning: Please set `reader_name` and don't set last_batch_padded and size manually  whenever possible. This may lead, in some situations, to miss some  samples or return duplicated ones. Check the Sharding section of the documentation for more details.
  _iterator_deprecation_warning()
2020-06-23 03:13:28,729 - root - INFO - rank 2, data loader initialized
2020-06-23 03:13:32,145 - root - INFO - DistributedDataParallel(
  (module): UNet(
    (conv_down1): Sequential(
      (0): Conv3d(4, 64, kernel_size=(4, 4, 4), stride=(2, 2, 2), padding=(1, 1, 1))
      (1): LeakyReLU(negative_slope=0.01, inplace=True)
    )
    (conv_down2): Sequential(
      (0): Conv3d(64, 128, kernel_size=(4, 4, 4), stride=(2, 2, 2), padding=(1, 1, 1))
      (1): LeakyReLU(negative_slope=0.01, inplace=True)
    )
    (conv_down3): Sequential(
      (0): Conv3d(128, 256, kernel_size=(4, 4, 4), stride=(2, 2, 2), padding=(1, 1, 1))
      (1): LeakyReLU(negative_slope=0.01, inplace=True)
    )
    (conv_down4): Sequential(
      (0): Conv3d(256, 512, kernel_size=(4, 4, 4), stride=(2, 2, 2), padding=(1, 1, 1))
      (1): LeakyReLU(negative_slope=0.01, inplace=True)
    )
    (conv_down5): Sequential(
      (0): Conv3d(512, 512, kernel_size=(4, 4, 4), stride=(2, 2, 2), padding=(1, 1, 1))
      (1): LeakyReLU(negative_slope=0.01, inplace=True)
    )
    (conv_down6): Sequential(
      (0): Conv3d(512, 512, kernel_size=(4, 4, 4), stride=(2, 2, 2), padding=(1, 1, 1))
      (1): LeakyReLU(negative_slope=0.01, inplace=True)
    )
    (conv_up6): Sequential(
      (0): ConvTranspose3d(512, 512, kernel_size=(4, 4, 4), stride=(2, 2, 2), padding=(1, 1, 1))
      (1): ReLU(inplace=True)
    )
    (conv_up5): Sequential(
      (0): ConvTranspose3d(1024, 512, kernel_size=(4, 4, 4), stride=(2, 2, 2), padding=(1, 1, 1))
      (1): ReLU(inplace=True)
    )
    (conv_up4): Sequential(
      (0): ConvTranspose3d(1024, 256, kernel_size=(4, 4, 4), stride=(2, 2, 2), padding=(1, 1, 1))
      (1): ReLU(inplace=True)
    )
    (conv_up3): Sequential(
      (0): ConvTranspose3d(512, 128, kernel_size=(4, 4, 4), stride=(2, 2, 2), padding=(1, 1, 1))
      (1): ReLU(inplace=True)
    )
    (conv_up2): Sequential(
      (0): ConvTranspose3d(256, 64, kernel_size=(4, 4, 4), stride=(2, 2, 2), padding=(1, 1, 1))
      (1): ReLU(inplace=True)
    )
    (conv_last): ConvTranspose3d(128, 5, kernel_size=(4, 4, 4), stride=(2, 2, 2), padding=(1, 1, 1))
    (tanh): Tanh()
  )
)
2020-06-23 03:13:32,145 - root - INFO - Starting Training Loop...
2020-06-23 03:13:40,644 - root - INFO - Time taken for epoch 1 is 8.498723983764648 sec
2020-06-23 03:13:40,644 - root - INFO - total time / step = 0.4249304890632629, fw time / step = 0.0, bw time / step = 0.0, exposed io time / step = 0.4249304890632629, iters/s = 2.3533260750586473, logging time = 0.0
2020-06-23 03:13:49,239 - root - INFO - Time taken for epoch 2 is 8.594558238983154 sec
2020-06-23 03:13:49,239 - root - INFO - total time / step = 0.4297193169593811, fw time / step = 0.0, bw time / step = 0.0, exposed io time / step = 0.4297193169593811, iters/s = 2.3271004130692226, logging time = 0.0
2020-06-23 03:13:57,985 - root - INFO - Time taken for epoch 3 is 8.602081298828125 sec
2020-06-23 03:13:57,985 - root - INFO - total time / step = 0.4300953269004822, fw time / step = 0.0, bw time / step = 0.0, exposed io time / step = 0.4300953269004822, iters/s = 2.325065950394261, logging time = 0.0
2020-06-23 03:14:06,664 - root - INFO - Time taken for epoch 4 is 8.583992004394531 sec
2020-06-23 03:14:06,664 - root - INFO - total time / step = 0.42919001579284666, fw time / step = 0.0, bw time / step = 0.0, exposed io time / step = 0.42919001579284666, iters/s = 2.3299703236401967, logging time = 0.0
2020-06-23 03:14:15,366 - root - INFO - Time taken for epoch 5 is 8.570037603378296 sec
2020-06-23 03:14:15,367 - root - INFO - total time / step = 0.4284930109977722, fw time / step = 0.0, bw time / step = 0.0, exposed io time / step = 0.4284930109977722, iters/s = 2.3337603515899565, logging time = 0.0
2020-06-23 03:14:15,932 - root - INFO - DONE ---- rank 4
2020-06-23 03:14:15,988 - root - INFO - DONE ---- rank 6
2020-06-23 03:14:16,049 - root - INFO - DONE ---- rank 3
2020-06-23 03:14:16,090 - root - INFO - DONE ---- rank 1
2020-06-23 03:14:16,125 - root - INFO - DONE ---- rank 7
2020-06-23 03:14:16,145 - root - INFO - DONE ---- rank 5
2020-06-23 03:14:16,167 - root - INFO - DONE ---- rank 2
2020-06-23 03:14:16,189 - root - INFO - DONE ---- rank 0
