2020-06-22 23:25:31,687 - matplotlib.font_manager - INFO - generated new fontManager
2020-06-22 23:25:33,523 - root - INFO - ------------------ Configuration ------------------
2020-06-22 23:25:33,524 - root - INFO - Configuration file: /opt/DDP_UNet/config/UNet_transpose.yaml
2020-06-22 23:25:33,524 - root - INFO - Configuration name: default
2020-06-22 23:25:33,528 - root - INFO - weight_init ordereddict([('conv_init', 'normal'), ('conv_scale', 0.02), ('conv_bias', 0.0)])
2020-06-22 23:25:33,528 - root - INFO - lr 0.0001
2020-06-22 23:25:33,529 - root - INFO - data_path /data/DDP_trdat_tra.h5
2020-06-22 23:25:33,529 - root - INFO - transposed_input 1
2020-06-22 23:25:33,529 - root - INFO - rotate_input 1
2020-06-22 23:25:33,529 - root - INFO - ngpu 1
2020-06-22 23:25:33,529 - root - INFO - Nsamples 20
2020-06-22 23:25:33,529 - root - INFO - num_epochs 5
2020-06-22 23:25:33,529 - root - INFO - num_data_workers 2
2020-06-22 23:25:33,529 - root - INFO - LAMBDA_2 0.01
2020-06-22 23:25:33,529 - root - INFO - data_size 256
2020-06-22 23:25:33,529 - root - INFO - N_out_channels 5
2020-06-22 23:25:33,529 - root - INFO - batch_size 1
2020-06-22 23:25:33,529 - root - INFO - cpu_pipeline 0
2020-06-22 23:25:33,529 - root - INFO - ---------------------------------------------------
2020-06-22 23:25:33,529 - root - INFO - rank 0, begin data loader init (local rank 0)
Transposed Input
Enable Rotation
Use GPU Pipeline
/opt/python/cp37-cp37m/lib/python3.7/site-packages/nvidia/dali/plugin/base_iterator.py:124: Warning: Please set `reader_name` and don't set last_batch_padded and size manually  whenever possible. This may lead, in some situations, to miss some  samples or return duplicated ones. Check the Sharding section of the documentation for more details.
  _iterator_deprecation_warning()
2020-06-22 23:25:56,985 - root - INFO - rank 0, data loader initialized
2020-06-22 23:25:57,887 - root - INFO - UNet(
  (conv_down1): Sequential(
    (0): Conv3d(4, 64, kernel_size=(4, 4, 4), stride=(2, 2, 2), padding=(1, 1, 1))
    (1): LeakyReLU(negative_slope=0.01, inplace=True)
  )
  (conv_down2): Sequential(
    (0): Conv3d(64, 128, kernel_size=(4, 4, 4), stride=(2, 2, 2), padding=(1, 1, 1))
    (1): LeakyReLU(negative_slope=0.01, inplace=True)
  )
  (conv_down3): Sequential(
    (0): Conv3d(128, 256, kernel_size=(4, 4, 4), stride=(2, 2, 2), padding=(1, 1, 1))
    (1): LeakyReLU(negative_slope=0.01, inplace=True)
  )
  (conv_down4): Sequential(
    (0): Conv3d(256, 512, kernel_size=(4, 4, 4), stride=(2, 2, 2), padding=(1, 1, 1))
    (1): LeakyReLU(negative_slope=0.01, inplace=True)
  )
  (conv_down5): Sequential(
    (0): Conv3d(512, 512, kernel_size=(4, 4, 4), stride=(2, 2, 2), padding=(1, 1, 1))
    (1): LeakyReLU(negative_slope=0.01, inplace=True)
  )
  (conv_down6): Sequential(
    (0): Conv3d(512, 512, kernel_size=(4, 4, 4), stride=(2, 2, 2), padding=(1, 1, 1))
    (1): LeakyReLU(negative_slope=0.01, inplace=True)
  )
  (conv_up6): Sequential(
    (0): ConvTranspose3d(512, 512, kernel_size=(4, 4, 4), stride=(2, 2, 2), padding=(1, 1, 1))
    (1): ReLU(inplace=True)
  )
  (conv_up5): Sequential(
    (0): ConvTranspose3d(1024, 512, kernel_size=(4, 4, 4), stride=(2, 2, 2), padding=(1, 1, 1))
    (1): ReLU(inplace=True)
  )
  (conv_up4): Sequential(
    (0): ConvTranspose3d(1024, 256, kernel_size=(4, 4, 4), stride=(2, 2, 2), padding=(1, 1, 1))
    (1): ReLU(inplace=True)
  )
  (conv_up3): Sequential(
    (0): ConvTranspose3d(512, 128, kernel_size=(4, 4, 4), stride=(2, 2, 2), padding=(1, 1, 1))
    (1): ReLU(inplace=True)
  )
  (conv_up2): Sequential(
    (0): ConvTranspose3d(256, 64, kernel_size=(4, 4, 4), stride=(2, 2, 2), padding=(1, 1, 1))
    (1): ReLU(inplace=True)
  )
  (conv_last): ConvTranspose3d(128, 5, kernel_size=(4, 4, 4), stride=(2, 2, 2), padding=(1, 1, 1))
  (tanh): Tanh()
)
2020-06-22 23:25:57,888 - root - INFO - Starting Training Loop...
2020-06-22 23:26:26,713 - root - INFO - Time taken for epoch 1 is 28.825401306152344 sec
2020-06-22 23:26:26,714 - root - INFO - total time / step = 1.441264522075653, fw time / step = 0.06690895557403564, bw time / step = 1.1102248311042786, exposed io time / step = 0.2641307353973388, iters/s = 0.6938351598080268, logging time = 0.0
2020-06-22 23:26:54,298 - root - INFO - Time taken for epoch 2 is 27.583893299102783 sec
2020-06-22 23:26:54,298 - root - INFO - total time / step = 1.3791866540908813, fw time / step = 0.004499959945678711, bw time / step = 1.1145210266113281, exposed io time / step = 0.2601656675338744, iters/s = 0.7250650207742695, logging time = 0.0
2020-06-22 23:27:22,150 - root - INFO - Time taken for epoch 3 is 27.798825979232788 sec
2020-06-22 23:27:22,150 - root - INFO - total time / step = 1.3899330496788025, fw time / step = 0.00465766191482544, bw time / step = 1.1163280129432678, exposed io time / step = 0.2689473748207092, iters/s = 0.7194591136825537, logging time = 0.0
2020-06-22 23:27:49,858 - root - INFO - Time taken for epoch 4 is 27.65843892097473 sec
2020-06-22 23:27:49,858 - root - INFO - total time / step = 1.3829128980636596, fw time / step = 0.004555714130401611, bw time / step = 1.1175216674804687, exposed io time / step = 0.26083551645278935, iters/s = 0.7231113408517555, logging time = 0.0
2020-06-22 23:28:17,718 - root - INFO - Time taken for epoch 5 is 27.80793261528015 sec
2020-06-22 23:28:17,719 - root - INFO - total time / step = 1.3903891324996949, fw time / step = 0.0045378684997558595, bw time / step = 1.1191108584403993, exposed io time / step = 0.2667404055595397, iters/s = 0.7192231128865065, logging time = 0.0
2020-06-22 23:28:17,996 - root - INFO - DONE ---- rank 0
