2020-06-23 02:50:41,905 - root - INFO - rank 6, begin data loader init (local rank 6)
2020-06-23 02:50:41,905 - root - INFO - rank 5, begin data loader init (local rank 5)
2020-06-23 02:50:41,906 - root - INFO - rank 9, begin data loader init (local rank 9)
2020-06-23 02:50:41,906 - root - INFO - rank 11, begin data loader init (local rank 11)
2020-06-23 02:50:41,906 - root - INFO - rank 10, begin data loader init (local rank 10)
2020-06-23 02:50:41,907 - root - INFO - rank 7, begin data loader init (local rank 7)
2020-06-23 02:50:41,907 - root - INFO - rank 15, begin data loader init (local rank 15)
2020-06-23 02:50:41,907 - root - INFO - rank 12, begin data loader init (local rank 12)
2020-06-23 02:50:42,824 - root - INFO - rank 8, begin data loader init (local rank 8)
2020-06-23 02:50:42,829 - root - INFO - rank 13, begin data loader init (local rank 13)
2020-06-23 02:50:42,831 - root - INFO - rank 14, begin data loader init (local rank 14)
2020-06-23 02:50:42,832 - root - INFO - rank 1, begin data loader init (local rank 1)
2020-06-23 02:50:42,833 - root - INFO - rank 4, begin data loader init (local rank 4)
2020-06-23 02:50:42,833 - root - INFO - rank 2, begin data loader init (local rank 2)
2020-06-23 02:50:42,833 - root - INFO - rank 3, begin data loader init (local rank 3)
2020-06-23 02:50:42,834 - root - INFO - ------------------ Configuration ------------------
2020-06-23 02:50:42,834 - root - INFO - Configuration file: /opt/DDP_UNet/config/UNet.yaml
2020-06-23 02:50:42,834 - root - INFO - Configuration name: default
2020-06-23 02:50:42,839 - root - INFO - weight_init ordereddict([('conv_init', 'normal'), ('conv_scale', 0.02), ('conv_bias', 0.0)])
2020-06-23 02:50:42,839 - root - INFO - lr 0.0001
2020-06-23 02:50:42,839 - root - INFO - data_path /data/DDP_trdat.h5
2020-06-23 02:50:42,839 - root - INFO - transposed_input 0
2020-06-23 02:50:42,839 - root - INFO - rotate_input 1
2020-06-23 02:50:42,839 - root - INFO - ngpu 1
2020-06-23 02:50:42,839 - root - INFO - Nsamples 20
2020-06-23 02:50:42,839 - root - INFO - num_epochs 5
2020-06-23 02:50:42,839 - root - INFO - num_data_workers 2
2020-06-23 02:50:42,839 - root - INFO - LAMBDA_2 0.01
2020-06-23 02:50:42,839 - root - INFO - data_size 256
2020-06-23 02:50:42,839 - root - INFO - N_out_channels 5
2020-06-23 02:50:42,839 - root - INFO - batch_size 1
2020-06-23 02:50:42,839 - root - INFO - ---------------------------------------------------
2020-06-23 02:50:42,839 - root - INFO - rank 0, begin data loader init (local rank 0)
Original Input
Enable Rotation
2020-06-23 02:51:23,438 - root - INFO - rank 11, data loader initialized
Original Input
Enable Rotation
2020-06-23 02:51:23,498 - root - INFO - rank 12, data loader initialized
Original Input
Enable Rotation
2020-06-23 02:51:23,552 - root - INFO - rank 15, data loader initialized
Original Input
Enable Rotation
2020-06-23 02:51:23,591 - root - INFO - rank 13, data loader initialized
Original Input
Enable Rotation
2020-06-23 02:51:23,788 - root - INFO - rank 6, data loader initialized
Original Input
Enable Rotation
2020-06-23 02:51:23,791 - root - INFO - rank 0, data loader initialized
Original Input
Enable Rotation
2020-06-23 02:51:23,820 - root - INFO - rank 5, data loader initialized
Original Input
Enable Rotation
2020-06-23 02:51:23,840 - root - INFO - rank 14, data loader initialized
Original Input
Enable Rotation
2020-06-23 02:51:23,858 - root - INFO - rank 3, data loader initialized
Original Input
Enable Rotation
2020-06-23 02:51:23,878 - root - INFO - rank 10, data loader initialized
Original Input
Enable Rotation
2020-06-23 02:51:23,887 - root - INFO - rank 1, data loader initialized
Original Input
Enable Rotation
2020-06-23 02:51:23,905 - root - INFO - rank 9, data loader initialized
Original Input
Enable Rotation
2020-06-23 02:51:23,932 - root - INFO - rank 8, data loader initialized
Original Input
Enable Rotation
2020-06-23 02:51:23,960 - root - INFO - rank 2, data loader initialized
Original Input
Enable Rotation
2020-06-23 02:51:23,962 - root - INFO - rank 7, data loader initialized
Original Input
Enable Rotation
2020-06-23 02:51:23,979 - root - INFO - rank 4, data loader initialized
2020-06-23 02:51:39,008 - root - INFO - DistributedDataParallel(
  (module): UNet(
    (conv_down1): Sequential(
      (0): Conv3d(4, 64, kernel_size=(4, 4, 4), stride=(2, 2, 2), padding=(1, 1, 1))
      (1): LeakyReLU(negative_slope=0.01, inplace=True)
    )
    (conv_down2): Sequential(
      (0): Conv3d(64, 128, kernel_size=(4, 4, 4), stride=(2, 2, 2), padding=(1, 1, 1))
      (1): LeakyReLU(negative_slope=0.01, inplace=True)
    )
    (conv_down3): Sequential(
      (0): Conv3d(128, 256, kernel_size=(4, 4, 4), stride=(2, 2, 2), padding=(1, 1, 1))
      (1): LeakyReLU(negative_slope=0.01, inplace=True)
    )
    (conv_down4): Sequential(
      (0): Conv3d(256, 512, kernel_size=(4, 4, 4), stride=(2, 2, 2), padding=(1, 1, 1))
      (1): LeakyReLU(negative_slope=0.01, inplace=True)
    )
    (conv_down5): Sequential(
      (0): Conv3d(512, 512, kernel_size=(4, 4, 4), stride=(2, 2, 2), padding=(1, 1, 1))
      (1): LeakyReLU(negative_slope=0.01, inplace=True)
    )
    (conv_down6): Sequential(
      (0): Conv3d(512, 512, kernel_size=(4, 4, 4), stride=(2, 2, 2), padding=(1, 1, 1))
      (1): LeakyReLU(negative_slope=0.01, inplace=True)
    )
    (conv_up6): Sequential(
      (0): ConvTranspose3d(512, 512, kernel_size=(4, 4, 4), stride=(2, 2, 2), padding=(1, 1, 1))
      (1): ReLU(inplace=True)
    )
    (conv_up5): Sequential(
      (0): ConvTranspose3d(1024, 512, kernel_size=(4, 4, 4), stride=(2, 2, 2), padding=(1, 1, 1))
      (1): ReLU(inplace=True)
    )
    (conv_up4): Sequential(
      (0): ConvTranspose3d(1024, 256, kernel_size=(4, 4, 4), stride=(2, 2, 2), padding=(1, 1, 1))
      (1): ReLU(inplace=True)
    )
    (conv_up3): Sequential(
      (0): ConvTranspose3d(512, 128, kernel_size=(4, 4, 4), stride=(2, 2, 2), padding=(1, 1, 1))
      (1): ReLU(inplace=True)
    )
    (conv_up2): Sequential(
      (0): ConvTranspose3d(256, 64, kernel_size=(4, 4, 4), stride=(2, 2, 2), padding=(1, 1, 1))
      (1): ReLU(inplace=True)
    )
    (conv_last): ConvTranspose3d(128, 5, kernel_size=(4, 4, 4), stride=(2, 2, 2), padding=(1, 1, 1))
    (tanh): Tanh()
  )
)
2020-06-23 02:51:39,009 - root - INFO - Starting Training Loop...
2020-06-23 02:52:04,007 - root - INFO - Time taken for epoch 1 is 24.998194456100464 sec
2020-06-23 02:52:04,008 - root - INFO - total time / step = 1.24990314245224, fw time / step = 0.0, bw time / step = 0.0, exposed io time / step = 1.24990314245224, iters/s = 0.8000619936342075, logging time = 0.0
2020-06-23 02:52:27,414 - root - INFO - Time taken for epoch 2 is 23.406118154525757 sec
2020-06-23 02:52:27,414 - root - INFO - total time / step = 1.1702893733978272, fw time / step = 0.0, bw time / step = 0.0, exposed io time / step = 1.1702893733978272, iters/s = 0.854489515782402, logging time = 0.0
2020-06-23 02:52:51,708 - root - INFO - Time taken for epoch 3 is 24.29281210899353 sec
2020-06-23 02:52:51,708 - root - INFO - total time / step = 1.2146273374557495, fw time / step = 0.0, bw time / step = 0.0, exposed io time / step = 1.2146273374557495, iters/s = 0.8232977878586825, logging time = 0.0
2020-06-23 02:53:15,961 - root - INFO - Time taken for epoch 4 is 24.252878189086914 sec
2020-06-23 02:53:15,962 - root - INFO - total time / step = 1.212623953819275, fw time / step = 0.0, bw time / step = 0.0, exposed io time / step = 1.212623953819275, iters/s = 0.8246579632955497, logging time = 0.0
2020-06-23 02:53:41,757 - root - INFO - Time taken for epoch 5 is 25.794610261917114 sec
2020-06-23 02:53:41,757 - root - INFO - total time / step = 1.2897107362747193, fw time / step = 0.0, bw time / step = 0.0, exposed io time / step = 1.2897107362747193, iters/s = 0.775367663363385, logging time = 0.0
2020-06-23 02:53:42,089 - root - INFO - DONE ---- rank 10
2020-06-23 02:53:42,091 - root - INFO - DONE ---- rank 12
2020-06-23 02:53:42,092 - root - INFO - DONE ---- rank 8
2020-06-23 02:53:42,092 - root - INFO - DONE ---- rank 14
2020-06-23 02:53:42,092 - root - INFO - DONE ---- rank 9
2020-06-23 02:53:42,092 - root - INFO - DONE ---- rank 15
2020-06-23 02:53:42,092 - root - INFO - DONE ---- rank 11
2020-06-23 02:53:42,093 - root - INFO - DONE ---- rank 4
2020-06-23 02:53:42,093 - root - INFO - DONE ---- rank 3
2020-06-23 02:53:42,093 - root - INFO - DONE ---- rank 13
2020-06-23 02:53:42,093 - root - INFO - DONE ---- rank 1
2020-06-23 02:53:42,094 - root - INFO - DONE ---- rank 0
2020-06-23 02:53:42,094 - root - INFO - DONE ---- rank 7
2020-06-23 02:53:42,095 - root - INFO - DONE ---- rank 6
2020-06-23 02:53:42,095 - root - INFO - DONE ---- rank 2
2020-06-23 02:53:42,096 - root - INFO - DONE ---- rank 5
