2020-06-23 00:25:52,524 - matplotlib.font_manager - INFO - generated new fontManager
2020-06-23 00:25:54,364 - root - INFO - ------------------ Configuration ------------------
2020-06-23 00:25:54,364 - root - INFO - Configuration file: /opt/DDP_UNet/config/UNet_transpose.yaml
2020-06-23 00:25:54,365 - root - INFO - Configuration name: default
2020-06-23 00:25:54,369 - root - INFO - weight_init ordereddict([('conv_init', 'normal'), ('conv_scale', 0.02), ('conv_bias', 0.0)])
2020-06-23 00:25:54,369 - root - INFO - lr 0.0001
2020-06-23 00:25:54,369 - root - INFO - data_path /data/DDP_trdat_tra.h5
2020-06-23 00:25:54,369 - root - INFO - transposed_input 1
2020-06-23 00:25:54,370 - root - INFO - rotate_input 1
2020-06-23 00:25:54,370 - root - INFO - ngpu 1
2020-06-23 00:25:54,370 - root - INFO - Nsamples 20
2020-06-23 00:25:54,370 - root - INFO - num_epochs 5
2020-06-23 00:25:54,370 - root - INFO - num_data_workers 2
2020-06-23 00:25:54,370 - root - INFO - LAMBDA_2 0.01
2020-06-23 00:25:54,370 - root - INFO - data_size 256
2020-06-23 00:25:54,370 - root - INFO - N_out_channels 5
2020-06-23 00:25:54,370 - root - INFO - batch_size 1
2020-06-23 00:25:54,370 - root - INFO - cpu_pipeline 0
2020-06-23 00:25:54,370 - root - INFO - ---------------------------------------------------
2020-06-23 00:25:54,370 - root - INFO - rank 0, begin data loader init (local rank 0)
Transposed Input
Enable Rotation
Use GPU Pipeline
/opt/python/cp37-cp37m/lib/python3.7/site-packages/nvidia/dali/plugin/base_iterator.py:124: Warning: Please set `reader_name` and don't set last_batch_padded and size manually  whenever possible. This may lead, in some situations, to miss some  samples or return duplicated ones. Check the Sharding section of the documentation for more details.
  _iterator_deprecation_warning()
2020-06-23 00:26:17,251 - root - INFO - rank 0, data loader initialized
2020-06-23 00:26:18,145 - root - INFO - UNet(
  (conv_down1): Sequential(
    (0): Conv3d(4, 64, kernel_size=(4, 4, 4), stride=(2, 2, 2), padding=(1, 1, 1))
    (1): LeakyReLU(negative_slope=0.01, inplace=True)
  )
  (conv_down2): Sequential(
    (0): Conv3d(64, 128, kernel_size=(4, 4, 4), stride=(2, 2, 2), padding=(1, 1, 1))
    (1): LeakyReLU(negative_slope=0.01, inplace=True)
  )
  (conv_down3): Sequential(
    (0): Conv3d(128, 256, kernel_size=(4, 4, 4), stride=(2, 2, 2), padding=(1, 1, 1))
    (1): LeakyReLU(negative_slope=0.01, inplace=True)
  )
  (conv_down4): Sequential(
    (0): Conv3d(256, 512, kernel_size=(4, 4, 4), stride=(2, 2, 2), padding=(1, 1, 1))
    (1): LeakyReLU(negative_slope=0.01, inplace=True)
  )
  (conv_down5): Sequential(
    (0): Conv3d(512, 512, kernel_size=(4, 4, 4), stride=(2, 2, 2), padding=(1, 1, 1))
    (1): LeakyReLU(negative_slope=0.01, inplace=True)
  )
  (conv_down6): Sequential(
    (0): Conv3d(512, 512, kernel_size=(4, 4, 4), stride=(2, 2, 2), padding=(1, 1, 1))
    (1): LeakyReLU(negative_slope=0.01, inplace=True)
  )
  (conv_up6): Sequential(
    (0): ConvTranspose3d(512, 512, kernel_size=(4, 4, 4), stride=(2, 2, 2), padding=(1, 1, 1))
    (1): ReLU(inplace=True)
  )
  (conv_up5): Sequential(
    (0): ConvTranspose3d(1024, 512, kernel_size=(4, 4, 4), stride=(2, 2, 2), padding=(1, 1, 1))
    (1): ReLU(inplace=True)
  )
  (conv_up4): Sequential(
    (0): ConvTranspose3d(1024, 256, kernel_size=(4, 4, 4), stride=(2, 2, 2), padding=(1, 1, 1))
    (1): ReLU(inplace=True)
  )
  (conv_up3): Sequential(
    (0): ConvTranspose3d(512, 128, kernel_size=(4, 4, 4), stride=(2, 2, 2), padding=(1, 1, 1))
    (1): ReLU(inplace=True)
  )
  (conv_up2): Sequential(
    (0): ConvTranspose3d(256, 64, kernel_size=(4, 4, 4), stride=(2, 2, 2), padding=(1, 1, 1))
    (1): ReLU(inplace=True)
  )
  (conv_last): ConvTranspose3d(128, 5, kernel_size=(4, 4, 4), stride=(2, 2, 2), padding=(1, 1, 1))
  (tanh): Tanh()
)
2020-06-23 00:26:18,146 - root - INFO - Starting Training Loop...
2020-06-23 00:26:44,872 - root - INFO - Time taken for epoch 1 is 26.725728034973145 sec
2020-06-23 00:26:44,872 - root - INFO - total time / step = 1.3362807631492615, fw time / step = 0.06633138656616211, bw time / step = 1.1329581260681152, exposed io time / step = 0.13699125051498418, iters/s = 0.7483457276173486, logging time = 0.0
2020-06-23 00:27:10,322 - root - INFO - Time taken for epoch 2 is 25.44928765296936 sec
2020-06-23 00:27:10,322 - root - INFO - total time / step = 1.2724565625190736, fw time / step = 0.00436631441116333, bw time / step = 1.1416635751724242, exposed io time / step = 0.12642667293548593, iters/s = 0.7858814433871966, logging time = 0.0
2020-06-23 00:27:35,985 - root - INFO - Time taken for epoch 3 is 25.66297721862793 sec
2020-06-23 00:27:35,985 - root - INFO - total time / step = 1.2831414937973022, fw time / step = 0.004382443428039551, bw time / step = 1.1524677395820617, exposed io time / step = 0.12629131078720102, iters/s = 0.7793372787288024, logging time = 0.0
2020-06-23 00:28:01,776 - root - INFO - Time taken for epoch 4 is 25.790252208709717 sec
2020-06-23 00:28:01,776 - root - INFO - total time / step = 1.2895048975944519, fw time / step = 0.004505777359008789, bw time / step = 1.1584331154823304, exposed io time / step = 0.12656600475311275, iters/s = 0.7754914323051288, logging time = 0.0
2020-06-23 00:28:27,520 - root - INFO - Time taken for epoch 5 is 25.74356961250305 sec
2020-06-23 00:28:27,520 - root - INFO - total time / step = 1.287170946598053, fw time / step = 0.00787355899810791, bw time / step = 1.1525389671325683, exposed io time / step = 0.12675842046737684, iters/s = 0.7768975850822025, logging time = 0.0
2020-06-23 00:28:27,805 - root - INFO - DONE ---- rank 0
