2020-06-23 20:18:52,884 - root - INFO - rank 5, begin data loader init (local rank 5)
2020-06-23 20:18:52,887 - root - INFO - rank 6, begin data loader init (local rank 6)
2020-06-23 20:18:52,911 - root - INFO - rank 13, begin data loader init (local rank 13)
2020-06-23 20:18:52,913 - root - INFO - rank 15, begin data loader init (local rank 15)
2020-06-23 20:18:52,914 - root - INFO - rank 11, begin data loader init (local rank 11)
2020-06-23 20:18:52,916 - root - INFO - rank 10, begin data loader init (local rank 10)
2020-06-23 20:18:52,917 - root - INFO - rank 12, begin data loader init (local rank 12)
2020-06-23 20:18:52,918 - root - INFO - rank 9, begin data loader init (local rank 9)
2020-06-23 20:18:52,918 - root - INFO - rank 8, begin data loader init (local rank 8)
2020-06-23 20:18:52,919 - root - INFO - rank 14, begin data loader init (local rank 14)
2020-06-23 20:18:52,919 - root - INFO - rank 3, begin data loader init (local rank 3)
2020-06-23 20:18:52,919 - root - INFO - rank 4, begin data loader init (local rank 4)
2020-06-23 20:18:52,919 - root - INFO - rank 1, begin data loader init (local rank 1)
2020-06-23 20:18:52,920 - root - INFO - rank 2, begin data loader init (local rank 2)
2020-06-23 20:18:52,920 - root - INFO - rank 7, begin data loader init (local rank 7)
2020-06-23 20:18:52,920 - root - INFO - ------------------ Configuration ------------------
2020-06-23 20:18:52,920 - root - INFO - Configuration file: /opt/DDP_UNet/config/UNet.yaml
2020-06-23 20:18:52,920 - root - INFO - Configuration name: default
2020-06-23 20:18:52,925 - root - INFO - weight_init ordereddict([('conv_init', 'normal'), ('conv_scale', 0.02), ('conv_bias', 0.0)])
2020-06-23 20:18:52,925 - root - INFO - lr 0.0001
2020-06-23 20:18:52,925 - root - INFO - data_path /data/DDP_trdat.h5
2020-06-23 20:18:52,925 - root - INFO - transposed_input 0
2020-06-23 20:18:52,925 - root - INFO - rotate_input 1
2020-06-23 20:18:52,925 - root - INFO - ngpu 1
2020-06-23 20:18:52,925 - root - INFO - Nsamples 20
2020-06-23 20:18:52,925 - root - INFO - num_epochs 5
2020-06-23 20:18:52,925 - root - INFO - num_data_workers 2
2020-06-23 20:18:52,925 - root - INFO - LAMBDA_2 0.01
2020-06-23 20:18:52,925 - root - INFO - data_size 256
2020-06-23 20:18:52,925 - root - INFO - N_out_channels 5
2020-06-23 20:18:52,925 - root - INFO - batch_size 1
2020-06-23 20:18:52,925 - root - INFO - ---------------------------------------------------
2020-06-23 20:18:52,926 - root - INFO - rank 0, begin data loader init (local rank 0)
Original Input
Enable Rotation
2020-06-23 20:19:35,248 - root - INFO - rank 5, data loader initialized
Original Input
Enable Rotation
2020-06-23 20:19:35,279 - root - INFO - rank 3, data loader initialized
Original Input
Enable Rotation
2020-06-23 20:19:35,309 - root - INFO - rank 12, data loader initialized
Original Input
Enable Rotation
2020-06-23 20:19:35,346 - root - INFO - rank 10, data loader initialized
Original Input
Enable Rotation
2020-06-23 20:19:35,364 - root - INFO - rank 1, data loader initialized
Original Input
Enable Rotation
2020-06-23 20:19:35,403 - root - INFO - rank 11, data loader initialized
Original Input
Enable Rotation
2020-06-23 20:19:35,414 - root - INFO - rank 7, data loader initialized
Original Input
Enable Rotation
2020-06-23 20:19:35,434 - root - INFO - rank 13, data loader initialized
Original Input
Enable Rotation
2020-06-23 20:19:35,443 - root - INFO - rank 15, data loader initialized
Original Input
Enable Rotation
2020-06-23 20:19:35,461 - root - INFO - rank 14, data loader initialized
Original Input
Enable Rotation
2020-06-23 20:19:35,482 - root - INFO - rank 2, data loader initialized
Original Input
Enable Rotation
2020-06-23 20:19:35,499 - root - INFO - rank 8, data loader initialized
Original Input
Enable Rotation
2020-06-23 20:19:35,504 - root - INFO - rank 4, data loader initialized
Original Input
Enable Rotation
2020-06-23 20:19:35,540 - root - INFO - rank 9, data loader initialized
Original Input
Enable Rotation
2020-06-23 20:19:35,550 - root - INFO - rank 6, data loader initialized
Original Input
Enable Rotation
2020-06-23 20:19:35,568 - root - INFO - rank 0, data loader initialized
2020-06-23 20:19:50,797 - root - INFO - DistributedDataParallel(
  (module): UNet(
    (conv_down1): Sequential(
      (0): Conv3d(4, 64, kernel_size=(4, 4, 4), stride=(2, 2, 2), padding=(1, 1, 1))
      (1): LeakyReLU(negative_slope=0.01, inplace=True)
    )
    (conv_down2): Sequential(
      (0): Conv3d(64, 128, kernel_size=(4, 4, 4), stride=(2, 2, 2), padding=(1, 1, 1))
      (1): LeakyReLU(negative_slope=0.01, inplace=True)
    )
    (conv_down3): Sequential(
      (0): Conv3d(128, 256, kernel_size=(4, 4, 4), stride=(2, 2, 2), padding=(1, 1, 1))
      (1): LeakyReLU(negative_slope=0.01, inplace=True)
    )
    (conv_down4): Sequential(
      (0): Conv3d(256, 512, kernel_size=(4, 4, 4), stride=(2, 2, 2), padding=(1, 1, 1))
      (1): LeakyReLU(negative_slope=0.01, inplace=True)
    )
    (conv_down5): Sequential(
      (0): Conv3d(512, 512, kernel_size=(4, 4, 4), stride=(2, 2, 2), padding=(1, 1, 1))
      (1): LeakyReLU(negative_slope=0.01, inplace=True)
    )
    (conv_down6): Sequential(
      (0): Conv3d(512, 512, kernel_size=(4, 4, 4), stride=(2, 2, 2), padding=(1, 1, 1))
      (1): LeakyReLU(negative_slope=0.01, inplace=True)
    )
    (conv_up6): Sequential(
      (0): ConvTranspose3d(512, 512, kernel_size=(4, 4, 4), stride=(2, 2, 2), padding=(1, 1, 1))
      (1): ReLU(inplace=True)
    )
    (conv_up5): Sequential(
      (0): ConvTranspose3d(1024, 512, kernel_size=(4, 4, 4), stride=(2, 2, 2), padding=(1, 1, 1))
      (1): ReLU(inplace=True)
    )
    (conv_up4): Sequential(
      (0): ConvTranspose3d(1024, 256, kernel_size=(4, 4, 4), stride=(2, 2, 2), padding=(1, 1, 1))
      (1): ReLU(inplace=True)
    )
    (conv_up3): Sequential(
      (0): ConvTranspose3d(512, 128, kernel_size=(4, 4, 4), stride=(2, 2, 2), padding=(1, 1, 1))
      (1): ReLU(inplace=True)
    )
    (conv_up2): Sequential(
      (0): ConvTranspose3d(256, 64, kernel_size=(4, 4, 4), stride=(2, 2, 2), padding=(1, 1, 1))
      (1): ReLU(inplace=True)
    )
    (conv_last): ConvTranspose3d(128, 5, kernel_size=(4, 4, 4), stride=(2, 2, 2), padding=(1, 1, 1))
    (tanh): Tanh()
  )
)
2020-06-23 20:19:50,798 - root - INFO - Starting Training Loop...
2020-06-23 20:20:40,113 - root - INFO - Time taken for epoch 1 is 49.31533885002136 sec
2020-06-23 20:20:40,153 - root - INFO - total time / step = 2.465761363506317, fw time / step = 0.15275667905807494, bw time / step = 0.21493825912475586, exposed io time / step = 2.0980664253234864, iters/s = 0.40555424981515575, logging time = 0.0
2020-06-23 20:21:25,759 - root - INFO - Time taken for epoch 2 is 45.60551714897156 sec
2020-06-23 20:21:25,759 - root - INFO - total time / step = 2.280261254310608, fw time / step = 0.004239702224731445, bw time / step = 0.005158150196075439, exposed io time / step = 2.2708634018898013, iters/s = 0.43854624030891154, logging time = 0.0
2020-06-23 20:22:11,535 - root - INFO - Time taken for epoch 3 is 45.77622365951538 sec
2020-06-23 20:22:11,536 - root - INFO - total time / step = 2.2887964725494383, fw time / step = 0.004181492328643799, bw time / step = 0.005202293395996094, exposed io time / step = 2.2794126868247986, iters/s = 0.43691084462661844, logging time = 0.0
2020-06-23 20:22:57,160 - root - INFO - Time taken for epoch 4 is 45.623687744140625 sec
2020-06-23 20:22:57,160 - root - INFO - total time / step = 2.2811727285385133, fw time / step = 0.004610621929168701, bw time / step = 0.005597078800201416, exposed io time / step = 2.2709650278091433, iters/s = 0.43837101307127824, logging time = 0.0
2020-06-23 20:23:42,814 - root - INFO - Time taken for epoch 5 is 45.653658628463745 sec
2020-06-23 20:23:42,814 - root - INFO - total time / step = 2.2826717495918274, fw time / step = 0.004620969295501709, bw time / step = 0.004962801933288574, exposed io time / step = 2.273087978363037, iters/s = 0.4380831366484531, logging time = 0.0
2020-06-23 20:23:43,148 - root - INFO - DONE ---- rank 3
2020-06-23 20:23:43,148 - root - INFO - DONE ---- rank 2
2020-06-23 20:23:43,148 - root - INFO - DONE ---- rank 7
2020-06-23 20:23:43,149 - root - INFO - DONE ---- rank 1
2020-06-23 20:23:43,149 - root - INFO - DONE ---- rank 5
2020-06-23 20:23:43,149 - root - INFO - DONE ---- rank 6
2020-06-23 20:23:43,150 - root - INFO - DONE ---- rank 4
2020-06-23 20:23:43,151 - root - INFO - DONE ---- rank 0
2020-06-23 20:23:43,152 - root - INFO - DONE ---- rank 13
2020-06-23 20:23:43,152 - root - INFO - DONE ---- rank 10
2020-06-23 20:23:43,152 - root - INFO - DONE ---- rank 14
2020-06-23 20:23:43,152 - root - INFO - DONE ---- rank 12
2020-06-23 20:23:43,152 - root - INFO - DONE ---- rank 11
2020-06-23 20:23:43,153 - root - INFO - DONE ---- rank 9
2020-06-23 20:23:43,153 - root - INFO - DONE ---- rank 15
2020-06-23 20:23:43,153 - root - INFO - DONE ---- rank 8
