2020-06-22 23:13:47,720 - root - INFO - rank 2, begin data loader init (local rank 2)
2020-06-22 23:13:47,721 - root - INFO - rank 7, begin data loader init (local rank 7)
2020-06-22 23:13:47,721 - root - INFO - rank 3, begin data loader init (local rank 3)
2020-06-22 23:13:47,721 - root - INFO - rank 4, begin data loader init (local rank 4)
2020-06-22 23:13:48,760 - root - INFO - ------------------ Configuration ------------------
2020-06-22 23:13:48,760 - root - INFO - Configuration file: /opt/DDP_UNet/config/UNet.yaml
2020-06-22 23:13:48,760 - root - INFO - Configuration name: default
2020-06-22 23:13:48,760 - root - INFO - rank 1, begin data loader init (local rank 1)
2020-06-22 23:13:48,760 - root - INFO - rank 6, begin data loader init (local rank 6)
2020-06-22 23:13:48,760 - root - INFO - rank 5, begin data loader init (local rank 5)
2020-06-22 23:13:48,765 - root - INFO - weight_init ordereddict([('conv_init', 'normal'), ('conv_scale', 0.02), ('conv_bias', 0.0)])
2020-06-22 23:13:48,765 - root - INFO - lr 0.0001
2020-06-22 23:13:48,765 - root - INFO - data_path /data/DDP_trdat.h5
2020-06-22 23:13:48,765 - root - INFO - transposed_input 0
2020-06-22 23:13:48,765 - root - INFO - rotate_input 1
2020-06-22 23:13:48,765 - root - INFO - ngpu 1
2020-06-22 23:13:48,765 - root - INFO - Nsamples 20
2020-06-22 23:13:48,765 - root - INFO - num_epochs 5
2020-06-22 23:13:48,765 - root - INFO - num_data_workers 2
2020-06-22 23:13:48,765 - root - INFO - LAMBDA_2 0.01
2020-06-22 23:13:48,765 - root - INFO - data_size 256
2020-06-22 23:13:48,765 - root - INFO - N_out_channels 5
2020-06-22 23:13:48,765 - root - INFO - batch_size 1
2020-06-22 23:13:48,765 - root - INFO - ---------------------------------------------------
2020-06-22 23:13:48,765 - root - INFO - rank 0, begin data loader init (local rank 0)
Original Input
Enable Rotation
2020-06-22 23:14:22,738 - root - INFO - rank 0, data loader initialized
Original Input
Enable Rotation
2020-06-22 23:14:22,791 - root - INFO - rank 3, data loader initialized
Original Input
Enable Rotation
2020-06-22 23:14:22,820 - root - INFO - rank 1, data loader initialized
Original Input
Enable Rotation
2020-06-22 23:14:22,847 - root - INFO - rank 6, data loader initialized
Original Input
Enable Rotation
2020-06-22 23:14:22,890 - root - INFO - rank 5, data loader initialized
Original Input
Enable Rotation
2020-06-22 23:14:22,919 - root - INFO - rank 7, data loader initialized
Original Input
Enable Rotation
2020-06-22 23:14:22,936 - root - INFO - rank 2, data loader initialized
Original Input
Enable Rotation
2020-06-22 23:14:22,986 - root - INFO - rank 4, data loader initialized
2020-06-22 23:14:29,925 - root - INFO - DistributedDataParallel(
  (module): UNet(
    (conv_down1): Sequential(
      (0): Conv3d(4, 64, kernel_size=(4, 4, 4), stride=(2, 2, 2), padding=(1, 1, 1))
      (1): LeakyReLU(negative_slope=0.01, inplace=True)
    )
    (conv_down2): Sequential(
      (0): Conv3d(64, 128, kernel_size=(4, 4, 4), stride=(2, 2, 2), padding=(1, 1, 1))
      (1): LeakyReLU(negative_slope=0.01, inplace=True)
    )
    (conv_down3): Sequential(
      (0): Conv3d(128, 256, kernel_size=(4, 4, 4), stride=(2, 2, 2), padding=(1, 1, 1))
      (1): LeakyReLU(negative_slope=0.01, inplace=True)
    )
    (conv_down4): Sequential(
      (0): Conv3d(256, 512, kernel_size=(4, 4, 4), stride=(2, 2, 2), padding=(1, 1, 1))
      (1): LeakyReLU(negative_slope=0.01, inplace=True)
    )
    (conv_down5): Sequential(
      (0): Conv3d(512, 512, kernel_size=(4, 4, 4), stride=(2, 2, 2), padding=(1, 1, 1))
      (1): LeakyReLU(negative_slope=0.01, inplace=True)
    )
    (conv_down6): Sequential(
      (0): Conv3d(512, 512, kernel_size=(4, 4, 4), stride=(2, 2, 2), padding=(1, 1, 1))
      (1): LeakyReLU(negative_slope=0.01, inplace=True)
    )
    (conv_up6): Sequential(
      (0): ConvTranspose3d(512, 512, kernel_size=(4, 4, 4), stride=(2, 2, 2), padding=(1, 1, 1))
      (1): ReLU(inplace=True)
    )
    (conv_up5): Sequential(
      (0): ConvTranspose3d(1024, 512, kernel_size=(4, 4, 4), stride=(2, 2, 2), padding=(1, 1, 1))
      (1): ReLU(inplace=True)
    )
    (conv_up4): Sequential(
      (0): ConvTranspose3d(1024, 256, kernel_size=(4, 4, 4), stride=(2, 2, 2), padding=(1, 1, 1))
      (1): ReLU(inplace=True)
    )
    (conv_up3): Sequential(
      (0): ConvTranspose3d(512, 128, kernel_size=(4, 4, 4), stride=(2, 2, 2), padding=(1, 1, 1))
      (1): ReLU(inplace=True)
    )
    (conv_up2): Sequential(
      (0): ConvTranspose3d(256, 64, kernel_size=(4, 4, 4), stride=(2, 2, 2), padding=(1, 1, 1))
      (1): ReLU(inplace=True)
    )
    (conv_last): ConvTranspose3d(128, 5, kernel_size=(4, 4, 4), stride=(2, 2, 2), padding=(1, 1, 1))
    (tanh): Tanh()
  )
)
2020-06-22 23:14:29,926 - root - INFO - Starting Training Loop...
2020-06-22 23:15:03,839 - root - INFO - Time taken for epoch 1 is 33.913269996643066 sec
2020-06-22 23:15:03,839 - root - INFO - total time / step = 1.695658314228058, fw time / step = 0.18328574895858765, bw time / step = 1.2331873774528503, exposed io time / step = 0.27918518781661983, iters/s = 0.5897414541651018, logging time = 0.0
2020-06-22 23:15:35,419 - root - INFO - Time taken for epoch 2 is 31.579676151275635 sec
2020-06-22 23:15:35,420 - root - INFO - total time / step = 1.5789745450019836, fw time / step = 0.006077408790588379, bw time / step = 1.3043720126152039, exposed io time / step = 0.2685251235961914, iters/s = 0.63332243269238, logging time = 0.0
2020-06-22 23:16:06,435 - root - INFO - Time taken for epoch 3 is 31.015075206756592 sec
2020-06-22 23:16:06,435 - root - INFO - total time / step = 1.5507430672645568, fw time / step = 0.006179416179656982, bw time / step = 1.2838302850723267, exposed io time / step = 0.26073336601257324, iters/s = 0.6448521493402234, logging time = 0.0
2020-06-22 23:16:38,043 - root - INFO - Time taken for epoch 4 is 31.607347011566162 sec
2020-06-22 23:16:38,043 - root - INFO - total time / step = 1.5803570032119751, fw time / step = 0.005741310119628906, bw time / step = 1.240731990337372, exposed io time / step = 0.33388370275497437, iters/s = 0.6327684174952644, logging time = 0.0
2020-06-22 23:17:10,443 - root - INFO - Time taken for epoch 5 is 32.39943218231201 sec
2020-06-22 23:17:10,443 - root - INFO - total time / step = 1.619961392879486, fw time / step = 0.005612969398498535, bw time / step = 1.2530024170875549, exposed io time / step = 0.3613460063934326, iters/s = 0.617298661804833, logging time = 0.0
2020-06-22 23:17:10,624 - root - INFO - DONE ---- rank 1
2020-06-22 23:17:10,626 - root - INFO - DONE ---- rank 4
2020-06-22 23:17:10,627 - root - INFO - DONE ---- rank 6
2020-06-22 23:17:10,627 - root - INFO - DONE ---- rank 3
2020-06-22 23:17:10,627 - root - INFO - DONE ---- rank 5
2020-06-22 23:17:10,628 - root - INFO - DONE ---- rank 0
2020-06-22 23:17:10,628 - root - INFO - DONE ---- rank 2
2020-06-22 23:17:10,628 - root - INFO - DONE ---- rank 7
