Transposed Input
Enable Rotation
Setup: took 4.097533464431763s
starting warmup
starting timing
Run 0: iterations took 15.574278116226196s for 20 iterations (1.2841686690545757 iter/s)
Run 1: iterations took 14.504081010818481s for 20 iterations (1.3789222485093786 iter/s)
Run 2: iterations took 15.422207593917847s for 20 iterations (1.2968312012534138 iter/s)
Run 3: iterations took 15.35274362564087s for 20 iterations (1.3026987545468858 iter/s)
Run 4: iterations took 15.232715368270874s for 20 iterations (1.3129635469759506 iter/s)
finished timing
Transposed Input
Enable Rotation
Transposed Input
Enable Rotation
Transposed Input
Enable Rotation
Transposed Input
Enable Rotation
Transposed Input
Enable Rotation
Transposed Input
Enable Rotation
Transposed Input
Enable Rotation
Transposed Input
Enable Rotation
Transposed Input
Enable Rotation
Transposed Input
Enable Rotation
Transposed Input
Enable Rotation
Transposed Input
Enable Rotation
Transposed Input
Enable Rotation
Transposed Input
Enable Rotation
Transposed Input
Enable Rotation
Transposed Input
Enable Rotation
Transposed Input
Enable Rotation
Transposed Input
Enable Rotation
Transposed Input
Enable Rotation
Transposed Input
Enable Rotation
Transposed Input
Enable Rotation
Transposed Input
Enable Rotation
Transposed Input
Enable Rotation
Transposed Input
Enable Rotation
Transposed Input
Enable Rotation
Transposed Input
Enable Rotation
Transposed Input
Enable Rotation
Transposed Input
Enable Rotation
Transposed Input
Enable Rotation
Transposed Input
Enable Rotation
Transposed Input
Enable Rotation
