Transposed Input
Enable Rotation
Transposed Input
Enable Rotation
Transposed Input
Enable Rotation
Transposed Input
Enable Rotation
Transposed Input
Enable Rotation
Transposed Input
Enable Rotation
Transposed Input
Enable Rotation
Transposed Input
Enable Rotation
Transposed Input
Enable Rotation
Transposed Input
Enable Rotation
Transposed Input
Enable Rotation
Transposed Input
Enable Rotation
Transposed Input
Enable Rotation
Transposed Input
Enable Rotation
Setup: took 60.17207145690918s
starting warmup
starting timing
Run 0: iterations took 18.4734148979187s for 20 iterations (1.0826368654911382 iter/s)
Run 1: iterations took 14.042411804199219s for 20 iterations (1.4242567643557664 iter/s)
Run 2: iterations took 14.468089580535889s for 20 iterations (1.3823525136937405 iter/s)
Run 3: iterations took 14.030670166015625s for 20 iterations (1.4254486609230528 iter/s)
Run 4: iterations took 14.065120935440063s for 20 iterations (1.4219572012072605 iter/s)
finished timing
Transposed Input
Enable Rotation
Transposed Input
Enable Rotation
