Transposed Input
Enable Rotation
Transposed Input
Enable Rotation
Transposed Input
Enable Rotation
Transposed Input
Enable Rotation
Transposed Input
Enable Rotation
Transposed Input
Enable Rotation
Transposed Input
Enable Rotation
Transposed Input
Enable Rotation
Transposed Input
Enable Rotation
Transposed Input
Enable Rotation
Transposed Input
Enable Rotation
Setup: took 85.83984065055847s
starting warmup
starting timing
Run 0: iterations took 10.313963413238525s for 20 iterations (1.939118765374805 iter/s)
Run 1: iterations took 10.254112482070923s for 20 iterations (1.9504369622402264 iter/s)
Run 2: iterations took 9.520913124084473s for 20 iterations (2.100638850427825 iter/s)
Run 3: iterations took 9.612984895706177s for 20 iterations (2.0805192369472443 iter/s)
Run 4: iterations took 9.415854215621948s for 20 iterations (2.124077066403362 iter/s)
finished timing
Transposed Input
Enable Rotation
Transposed Input
Enable Rotation
Transposed Input
Enable Rotation
Transposed Input
Enable Rotation
Transposed Input
Enable Rotation
Transposed Input
Enable Rotation
Transposed Input
Enable Rotation
Transposed Input
Enable Rotation
Transposed Input
Enable Rotation
Transposed Input
Enable Rotation
Transposed Input
Enable Rotation
Transposed Input
Enable Rotation
Transposed Input
Enable Rotation
Transposed Input
Enable Rotation
Transposed Input
Enable Rotation
Transposed Input
Enable Rotation
Transposed Input
Enable Rotation
Transposed Input
Enable Rotation
Transposed Input
Enable Rotation
Transposed Input
Enable Rotation
Transposed Input
Enable Rotation
