libibverbs: Warning: no userspace device-specific driver found for /sys/class/infiniband_verbs/uverbs1
libibverbs: Warning: no userspace device-specific driver found for /sys/class/infiniband_verbs/uverbs3
libibverbs: Warning: no userspace device-specific driver found for /sys/class/infiniband_verbs/uverbs5
libibverbs: Warning: no userspace device-specific driver found for /sys/class/infiniband_verbs/uverbs7
libibverbs: Warning: no userspace device-specific driver found for /sys/class/infiniband_verbs/uverbs0
libibverbs: Warning: no userspace device-specific driver found for /sys/class/infiniband_verbs/uverbs2
libibverbs: Warning: no userspace device-specific driver found for /sys/class/infiniband_verbs/uverbs4
libibverbs: Warning: no userspace device-specific driver found for /sys/class/infiniband_verbs/uverbs6
libibverbs: Warning: no userspace device-specific driver found for /sys/class/infiniband_verbs/uverbs8
libibverbs: Warning: no userspace device-specific driver found for /sys/class/infiniband_verbs/uverbs1
libibverbs: Warning: no userspace device-specific driver found for /sys/class/infiniband_verbs/uverbs3
libibverbs: Warning: no userspace device-specific driver found for /sys/class/infiniband_verbs/uverbs5
libibverbs: Warning: no userspace device-specific driver found for /sys/class/infiniband_verbs/uverbs7
libibverbs: Warning: no userspace device-specific driver found for /sys/class/infiniband_verbs/uverbs0
libibverbs: Warning: no userspace device-specific driver found for /sys/class/infiniband_verbs/uverbs2
libibverbs: Warning: no userspace device-specific driver found for /sys/class/infiniband_verbs/uverbs4
libibverbs: Warning: no userspace device-specific driver found for /sys/class/infiniband_verbs/uverbs6
libibverbs: Warning: no userspace device-specific driver found for /sys/class/infiniband_verbs/uverbs8
libibverbs: Warning: no userspace device-specific driver found for /sys/class/infiniband_verbs/uverbs1
libibverbs: Warning: no userspace device-specific driver found for /sys/class/infiniband_verbs/uverbs3
libibverbs: Warning: no userspace device-specific driver found for /sys/class/infiniband_verbs/uverbs5
libibverbs: Warning: no userspace device-specific driver found for /sys/class/infiniband_verbs/uverbs7
libibverbs: Warning: no userspace device-specific driver found for /sys/class/infiniband_verbs/uverbs0
libibverbs: Warning: no userspace device-specific driver found for /sys/class/infiniband_verbs/uverbs2
libibverbs: Warning: no userspace device-specific driver found for /sys/class/infiniband_verbs/uverbs4
libibverbs: Warning: no userspace device-specific driver found for /sys/class/infiniband_verbs/uverbs6
libibverbs: Warning: no userspace device-specific driver found for /sys/class/infiniband_verbs/uverbs8
libibverbs: Warning: no userspace device-specific driver found for /sys/class/infiniband_verbs/uverbs1
libibverbs: Warning: no userspace device-specific driver found for /sys/class/infiniband_verbs/uverbs3
libibverbs: Warning: no userspace device-specific driver found for /sys/class/infiniband_verbs/uverbs5
libibverbs: Warning: no userspace device-specific driver found for /sys/class/infiniband_verbs/uverbs7
libibverbs: Warning: no userspace device-specific driver found for /sys/class/infiniband_verbs/uverbs0
libibverbs: Warning: no userspace device-specific driver found for /sys/class/infiniband_verbs/uverbs2
libibverbs: Warning: no userspace device-specific driver found for /sys/class/infiniband_verbs/uverbs4
libibverbs: Warning: no userspace device-specific driver found for /sys/class/infiniband_verbs/uverbs6
libibverbs: Warning: no userspace device-specific driver found for /sys/class/infiniband_verbs/uverbs8
libibverbs: Warning: no userspace device-specific driver found for /sys/class/infiniband_verbs/uverbs1
libibverbs: Warning: no userspace device-specific driver found for /sys/class/infiniband_verbs/uverbs3
libibverbs: Warning: no userspace device-specific driver found for /sys/class/infiniband_verbs/uverbs5
libibverbs: Warning: no userspace device-specific driver found for /sys/class/infiniband_verbs/uverbs7
libibverbs: Warning: no userspace device-specific driver found for /sys/class/infiniband_verbs/uverbs0
libibverbs: Warning: no userspace device-specific driver found for /sys/class/infiniband_verbs/uverbs2
libibverbs: Warning: no userspace device-specific driver found for /sys/class/infiniband_verbs/uverbs4
libibverbs: Warning: no userspace device-specific driver found for /sys/class/infiniband_verbs/uverbs6
libibverbs: Warning: no userspace device-specific driver found for /sys/class/infiniband_verbs/uverbs8
libibverbs: Warning: no userspace device-specific driver found for /sys/class/infiniband_verbs/uverbs1
libibverbs: Warning: no userspace device-specific driver found for /sys/class/infiniband_verbs/uverbs3
libibverbs: Warning: no userspace device-specific driver found for /sys/class/infiniband_verbs/uverbs5
libibverbs: Warning: no userspace device-specific driver found for /sys/class/infiniband_verbs/uverbs7
libibverbs: Warning: no userspace device-specific driver found for /sys/class/infiniband_verbs/uverbs0
libibverbs: Warning: no userspace device-specific driver found for /sys/class/infiniband_verbs/uverbs2
libibverbs: Warning: no userspace device-specific driver found for /sys/class/infiniband_verbs/uverbs4
libibverbs: Warning: no userspace device-specific driver found for /sys/class/infiniband_verbs/uverbs6
libibverbs: Warning: no userspace device-specific driver found for /sys/class/infiniband_verbs/uverbs8
libibverbs: Warning: no userspace device-specific driver found for /sys/class/infiniband_verbs/uverbs1
libibverbs: Warning: no userspace device-specific driver found for /sys/class/infiniband_verbs/uverbs3
libibverbs: Warning: no userspace device-specific driver found for /sys/class/infiniband_verbs/uverbs5
libibverbs: Warning: no userspace device-specific driver found for /sys/class/infiniband_verbs/uverbs7
libibverbs: Warning: no userspace device-specific driver found for /sys/class/infiniband_verbs/uverbs0
libibverbs: Warning: no userspace device-specific driver found for /sys/class/infiniband_verbs/uverbs2
libibverbs: Warning: no userspace device-specific driver found for /sys/class/infiniband_verbs/uverbs4
libibverbs: Warning: no userspace device-specific driver found for /sys/class/infiniband_verbs/uverbs6
libibverbs: Warning: no userspace device-specific driver found for /sys/class/infiniband_verbs/uverbs8
libibverbs: Warning: no userspace device-specific driver found for /sys/class/infiniband_verbs/uverbs1
libibverbs: Warning: no userspace device-specific driver found for /sys/class/infiniband_verbs/uverbs3
libibverbs: Warning: no userspace device-specific driver found for /sys/class/infiniband_verbs/uverbs5
libibverbs: Warning: no userspace device-specific driver found for /sys/class/infiniband_verbs/uverbs7
libibverbs: Warning: no userspace device-specific driver found for /sys/class/infiniband_verbs/uverbs0
libibverbs: Warning: no userspace device-specific driver found for /sys/class/infiniband_verbs/uverbs2
libibverbs: Warning: no userspace device-specific driver found for /sys/class/infiniband_verbs/uverbs4
libibverbs: Warning: no userspace device-specific driver found for /sys/class/infiniband_verbs/uverbs6
libibverbs: Warning: no userspace device-specific driver found for /sys/class/infiniband_verbs/uverbs8
Transposed Input
Enable Rotation
Setup: took 223.34809637069702s
starting warmup
starting timing
Run 0: iterations took 15.91735577583313s for 20 iterations (1.2564901031090498 iter/s)
Run 1: iterations took 16.490598440170288s for 20 iterations (1.2128122622451942 iter/s)
Run 2: iterations took 16.155710697174072s for 20 iterations (1.2379523485462243 iter/s)
Run 3: iterations took 15.76853322982788s for 20 iterations (1.2683487873284145 iter/s)
Run 4: iterations took 15.780308723449707s for 20 iterations (1.267402327197806 iter/s)
finished timing
Transposed Input
Enable Rotation
Transposed Input
Enable Rotation
Transposed Input
Enable Rotation
Transposed Input
Enable Rotation
Transposed Input
Enable Rotation
Transposed Input
Enable Rotation
Transposed Input
Enable Rotation
