Transposed Input
Enable Rotation
Transposed Input
Enable Rotation
Transposed Input
Enable Rotation
Transposed Input
Enable Rotation
Transposed Input
Enable Rotation
Transposed Input
Enable Rotation
Transposed Input
Enable Rotation
Transposed Input
Enable Rotation
Transposed Input
Enable Rotation
Transposed Input
Enable Rotation
Transposed Input
Enable Rotation
Transposed Input
Enable Rotation
Transposed Input
Enable Rotation
Transposed Input
Enable Rotation
Transposed Input
Enable Rotation
Transposed Input
Enable Rotation
Transposed Input
Enable Rotation
Transposed Input
Enable Rotation
Transposed Input
Enable Rotation
Transposed Input
Enable Rotation
Transposed Input
Enable Rotation
Transposed Input
Enable Rotation
Transposed Input
Enable Rotation
Transposed Input
Enable Rotation
Transposed Input
Enable Rotation
Transposed Input
Enable Rotation
Transposed Input
Enable Rotation
Transposed Input
Enable Rotation
Transposed Input
Enable Rotation
Transposed Input
Enable Rotation
Transposed Input
Enable Rotation
Setup: took 53.79556226730347s
starting warmup
starting timing
Run 0: iterations took 15.356345415115356s for 20 iterations (1.3023932100611557 iter/s)
Run 1: iterations took 15.211978912353516s for 20 iterations (1.3147533345420412 iter/s)
Run 2: iterations took 15.060910940170288s for 20 iterations (1.3279409246525873 iter/s)
Run 3: iterations took 14.951626062393188s for 20 iterations (1.3376471506537102 iter/s)
Run 4: iterations took 14.908411979675293s for 20 iterations (1.3415245049081077 iter/s)
finished timing
Transposed Input
Enable Rotation
